mode: set
github.com/aliyun/aliyun-oss-go-sdk/v3/oss/utils_copy.go:9.40,11.23 2 1
github.com/aliyun/aliyun-oss-go-sdk/v3/oss/utils_copy.go:15.2,15.43 1 1
github.com/aliyun/aliyun-oss-go-sdk/v3/oss/utils_copy.go:11.23,12.34 1 0
github.com/aliyun/aliyun-oss-go-sdk/v3/oss/utils_copy.go:18.55,23.2 4 0
github.com/aliyun/aliyun-oss-go-sdk/v3/oss/utils_copy.go:25.47,26.20 1 1
github.com/aliyun/aliyun-oss-go-sdk/v3/oss/utils_copy.go:30.2,30.20 1 1
github.com/aliyun/aliyun-oss-go-sdk/v3/oss/utils_copy.go:26.20,28.3 1 0
github.com/aliyun/aliyun-oss-go-sdk/v3/oss/utils_copy.go:31.19,32.47 1 1
github.com/aliyun/aliyun-oss-go-sdk/v3/oss/utils_copy.go:57.22,59.37 2 1
github.com/aliyun/aliyun-oss-go-sdk/v3/oss/utils_copy.go:67.21,68.18 1 0
github.com/aliyun/aliyun-oss-go-sdk/v3/oss/utils_copy.go:72.3,74.34 3 0
github.com/aliyun/aliyun-oss-go-sdk/v3/oss/utils_copy.go:77.19,78.18 1 1
github.com/aliyun/aliyun-oss-go-sdk/v3/oss/utils_copy.go:82.3,84.35 3 1
github.com/aliyun/aliyun-oss-go-sdk/v3/oss/utils_copy.go:90.10,91.42 1 1
github.com/aliyun/aliyun-oss-go-sdk/v3/oss/utils_copy.go:32.47,33.56 1 0
github.com/aliyun/aliyun-oss-go-sdk/v3/oss/utils_copy.go:33.56,35.5 1 0
github.com/aliyun/aliyun-oss-go-sdk/v3/oss/utils_copy.go:35.10,35.27 1 0
github.com/aliyun/aliyun-oss-go-sdk/v3/oss/utils_copy.go:35.27,37.5 1 0
github.com/aliyun/aliyun-oss-go-sdk/v3/oss/utils_copy.go:38.9,40.36 2 1
github.com/aliyun/aliyun-oss-go-sdk/v3/oss/utils_copy.go:53.4,53.60 1 1
github.com/aliyun/aliyun-oss-go-sdk/v3/oss/utils_copy.go:40.36,41.51 1 1
github.com/aliyun/aliyun-oss-go-sdk/v3/oss/utils_copy.go:41.51,42.38 1 1
github.com/aliyun/aliyun-oss-go-sdk/v3/oss/utils_copy.go:42.38,44.7 1 0
github.com/aliyun/aliyun-oss-go-sdk/v3/oss/utils_copy.go:44.12,46.7 1 1
github.com/aliyun/aliyun-oss-go-sdk/v3/oss/utils_copy.go:47.11,51.6 3 0
github.com/aliyun/aliyun-oss-go-sdk/v3/oss/utils_copy.go:53.60,55.5 1 1
github.com/aliyun/aliyun-oss-go-sdk/v3/oss/utils_copy.go:59.37,63.43 4 1
github.com/aliyun/aliyun-oss-go-sdk/v3/oss/utils_copy.go:63.43,65.5 1 1
github.com/aliyun/aliyun-oss-go-sdk/v3/oss/utils_copy.go:68.18,69.9 1 0
github.com/aliyun/aliyun-oss-go-sdk/v3/oss/utils_copy.go:74.34,76.4 1 0
github.com/aliyun/aliyun-oss-go-sdk/v3/oss/utils_copy.go:78.18,79.9 1 1
github.com/aliyun/aliyun-oss-go-sdk/v3/oss/utils_copy.go:84.35,89.4 4 1
github.com/aliyun/aliyun-oss-go-sdk/v3/oss/utils_copy.go:91.42,93.4 1 1
github.com/aliyun/aliyun-oss-go-sdk/v3/oss/validation.go:7.46,9.2 1 1
github.com/aliyun/aliyun-oss-go-sdk/v3/oss/validation.go:11.49,12.23 1 1
github.com/aliyun/aliyun-oss-go-sdk/v3/oss/validation.go:16.2,17.33 2 1
github.com/aliyun/aliyun-oss-go-sdk/v3/oss/validation.go:21.2,21.64 1 1
github.com/aliyun/aliyun-oss-go-sdk/v3/oss/validation.go:25.2,25.32 1 1
github.com/aliyun/aliyun-oss-go-sdk/v3/oss/validation.go:30.2,30.13 1 1
github.com/aliyun/aliyun-oss-go-sdk/v3/oss/validation.go:12.23,14.3 1 1
github.com/aliyun/aliyun-oss-go-sdk/v3/oss/validation.go:17.33,19.3 1 0
github.com/aliyun/aliyun-oss-go-sdk/v3/oss/validation.go:21.64,23.3 1 0
github.com/aliyun/aliyun-oss-go-sdk/v3/oss/validation.go:25.32,26.70 1 1
github.com/aliyun/aliyun-oss-go-sdk/v3/oss/validation.go:26.70,28.4 1 0
github.com/aliyun/aliyun-oss-go-sdk/v3/oss/validation.go:33.49,34.48 1 1
github.com/aliyun/aliyun-oss-go-sdk/v3/oss/validation.go:37.2,37.13 1 1
github.com/aliyun/aliyun-oss-go-sdk/v3/oss/validation.go:34.48,36.3 1 1
github.com/aliyun/aliyun-oss-go-sdk/v3/oss/validation.go:40.35,41.42 1 1
github.com/aliyun/aliyun-oss-go-sdk/v3/oss/validation.go:44.2,44.13 1 1
github.com/aliyun/aliyun-oss-go-sdk/v3/oss/validation.go:41.42,43.3 1 1
github.com/aliyun/aliyun-oss-go-sdk/v3/oss/validation.go:56.40,57.42 1 1
github.com/aliyun/aliyun-oss-go-sdk/v3/oss/validation.go:60.2,60.14 1 1
github.com/aliyun/aliyun-oss-go-sdk/v3/oss/validation.go:57.42,59.3 1 1
github.com/aliyun/aliyun-oss-go-sdk/v3/oss/api_op_bucket.go:42.128,44.20 2 1
github.com/aliyun/aliyun-oss-go-sdk/v3/oss/api_op_bucket.go:47.2,55.72 2 1
github.com/aliyun/aliyun-oss-go-sdk/v3/oss/api_op_bucket.go:59.2,60.16 2 1
github.com/aliyun/aliyun-oss-go-sdk/v3/oss/api_op_bucket.go:64.2,66.70 2 1
github.com/aliyun/aliyun-oss-go-sdk/v3/oss/api_op_bucket.go:70.2,70.20 1 1
github.com/aliyun/aliyun-oss-go-sdk/v3/oss/api_op_bucket.go:44.20,46.3 1 0
github.com/aliyun/aliyun-oss-go-sdk/v3/oss/api_op_bucket.go:55.72,57.3 1 0
github.com/aliyun/aliyun-oss-go-sdk/v3/oss/api_op_bucket.go:60.16,62.3 1 1
github.com/aliyun/aliyun-oss-go-sdk/v3/oss/api_op_bucket.go:66.70,68.3 1 0
github.com/aliyun/aliyun-oss-go-sdk/v3/oss/api_op_bucket.go:85.137,87.20 2 1
github.com/aliyun/aliyun-oss-go-sdk/v3/oss/api_op_bucket.go:90.2,98.72 2 1
github.com/aliyun/aliyun-oss-go-sdk/v3/oss/api_op_bucket.go:102.2,103.16 2 1
github.com/aliyun/aliyun-oss-go-sdk/v3/oss/api_op_bucket.go:107.2,108.70 2 1
github.com/aliyun/aliyun-oss-go-sdk/v3/oss/api_op_bucket.go:112.2,112.20 1 1
github.com/aliyun/aliyun-oss-go-sdk/v3/oss/api_op_bucket.go:87.20,89.3 1 0
github.com/aliyun/aliyun-oss-go-sdk/v3/oss/api_op_bucket.go:98.72,100.3 1 0
github.com/aliyun/aliyun-oss-go-sdk/v3/oss/api_op_bucket.go:103.16,105.3 1 1
github.com/aliyun/aliyun-oss-go-sdk/v3/oss/api_op_bucket.go:108.70,110.3 1 0
github.com/aliyun/aliyun-oss-go-sdk/v3/oss/api_op_bucket.go:218.134,220.20 2 1
github.com/aliyun/aliyun-oss-go-sdk/v3/oss/api_op_bucket.go:223.2,234.72 2 1
github.com/aliyun/aliyun-oss-go-sdk/v3/oss/api_op_bucket.go:238.2,239.16 2 1
github.com/aliyun/aliyun-oss-go-sdk/v3/oss/api_op_bucket.go:243.2,244.96 2 1
github.com/aliyun/aliyun-oss-go-sdk/v3/oss/api_op_bucket.go:248.2,248.20 1 1
github.com/aliyun/aliyun-oss-go-sdk/v3/oss/api_op_bucket.go:220.20,222.3 1 0
github.com/aliyun/aliyun-oss-go-sdk/v3/oss/api_op_bucket.go:234.72,236.3 1 0
github.com/aliyun/aliyun-oss-go-sdk/v3/oss/api_op_bucket.go:239.16,241.3 1 1
github.com/aliyun/aliyun-oss-go-sdk/v3/oss/api_op_bucket.go:244.96,246.3 1 0
github.com/aliyun/aliyun-oss-go-sdk/v3/oss/api_op_bucket.go:251.69,252.28 1 1
github.com/aliyun/aliyun-oss-go-sdk/v3/oss/api_op_bucket.go:387.2,387.12 1 1
github.com/aliyun/aliyun-oss-go-sdk/v3/oss/api_op_bucket.go:253.26,254.73 1 1
github.com/aliyun/aliyun-oss-go-sdk/v3/oss/api_op_bucket.go:277.28,278.73 1 1
github.com/aliyun/aliyun-oss-go-sdk/v3/oss/api_op_bucket.go:301.36,302.73 1 1
github.com/aliyun/aliyun-oss-go-sdk/v3/oss/api_op_bucket.go:310.38,311.73 1 1
github.com/aliyun/aliyun-oss-go-sdk/v3/oss/api_op_bucket.go:317.38,318.73 1 1
github.com/aliyun/aliyun-oss-go-sdk/v3/oss/api_op_bucket.go:324.35,325.73 1 1
github.com/aliyun/aliyun-oss-go-sdk/v3/oss/api_op_bucket.go:343.24,344.73 1 1
github.com/aliyun/aliyun-oss-go-sdk/v3/oss/api_op_bucket.go:357.33,358.73 1 1
github.com/aliyun/aliyun-oss-go-sdk/v3/oss/api_op_bucket.go:254.73,258.30 4 1
github.com/aliyun/aliyun-oss-go-sdk/v3/oss/api_op_bucket.go:266.4,266.41 1 1
github.com/aliyun/aliyun-oss-go-sdk/v3/oss/api_op_bucket.go:271.4,271.47 1 1
github.com/aliyun/aliyun-oss-go-sdk/v3/oss/api_op_bucket.go:258.30,259.32 1 1
github.com/aliyun/aliyun-oss-go-sdk/v3/oss/api_op_bucket.go:259.32,260.54 1 1
github.com/aliyun/aliyun-oss-go-sdk/v3/oss/api_op_bucket.go:263.6,263.18 1 1
github.com/aliyun/aliyun-oss-go-sdk/v3/oss/api_op_bucket.go:260.54,262.7 1 0
github.com/aliyun/aliyun-oss-go-sdk/v3/oss/api_op_bucket.go:266.41,267.84 1 1
github.com/aliyun/aliyun-oss-go-sdk/v3/oss/api_op_bucket.go:267.84,269.6 1 0
github.com/aliyun/aliyun-oss-go-sdk/v3/oss/api_op_bucket.go:271.47,272.102 1 0
github.com/aliyun/aliyun-oss-go-sdk/v3/oss/api_op_bucket.go:272.102,274.6 1 0
github.com/aliyun/aliyun-oss-go-sdk/v3/oss/api_op_bucket.go:278.73,282.30 4 1
github.com/aliyun/aliyun-oss-go-sdk/v3/oss/api_op_bucket.go:290.4,290.41 1 1
github.com/aliyun/aliyun-oss-go-sdk/v3/oss/api_op_bucket.go:295.4,295.47 1 1
github.com/aliyun/aliyun-oss-go-sdk/v3/oss/api_op_bucket.go:282.30,283.32 1 1
github.com/aliyun/aliyun-oss-go-sdk/v3/oss/api_op_bucket.go:283.32,284.54 1 1
github.com/aliyun/aliyun-oss-go-sdk/v3/oss/api_op_bucket.go:287.6,287.18 1 1
github.com/aliyun/aliyun-oss-go-sdk/v3/oss/api_op_bucket.go:284.54,286.7 1 0
github.com/aliyun/aliyun-oss-go-sdk/v3/oss/api_op_bucket.go:290.41,291.84 1 1
github.com/aliyun/aliyun-oss-go-sdk/v3/oss/api_op_bucket.go:291.84,293.6 1 0
github.com/aliyun/aliyun-oss-go-sdk/v3/oss/api_op_bucket.go:295.47,296.102 1 1
github.com/aliyun/aliyun-oss-go-sdk/v3/oss/api_op_bucket.go:296.102,298.6 1 0
github.com/aliyun/aliyun-oss-go-sdk/v3/oss/api_op_bucket.go:302.73,304.47 2 1
github.com/aliyun/aliyun-oss-go-sdk/v3/oss/api_op_bucket.go:304.47,305.96 1 1
github.com/aliyun/aliyun-oss-go-sdk/v3/oss/api_op_bucket.go:305.96,307.6 1 0
github.com/aliyun/aliyun-oss-go-sdk/v3/oss/api_op_bucket.go:311.73,313.59 2 1
github.com/aliyun/aliyun-oss-go-sdk/v3/oss/api_op_bucket.go:313.59,315.5 1 0
github.com/aliyun/aliyun-oss-go-sdk/v3/oss/api_op_bucket.go:318.73,320.59 2 1
github.com/aliyun/aliyun-oss-go-sdk/v3/oss/api_op_bucket.go:320.59,322.5 1 0
github.com/aliyun/aliyun-oss-go-sdk/v3/oss/api_op_bucket.go:325.73,329.30 4 1
github.com/aliyun/aliyun-oss-go-sdk/v3/oss/api_op_bucket.go:337.4,337.40 1 1
github.com/aliyun/aliyun-oss-go-sdk/v3/oss/api_op_bucket.go:329.30,330.32 1 1
github.com/aliyun/aliyun-oss-go-sdk/v3/oss/api_op_bucket.go:330.32,331.54 1 1
github.com/aliyun/aliyun-oss-go-sdk/v3/oss/api_op_bucket.go:334.6,334.18 1 1
github.com/aliyun/aliyun-oss-go-sdk/v3/oss/api_op_bucket.go:331.54,333.7 1 0
github.com/aliyun/aliyun-oss-go-sdk/v3/oss/api_op_bucket.go:337.40,338.82 1 1
github.com/aliyun/aliyun-oss-go-sdk/v3/oss/api_op_bucket.go:338.82,340.6 1 0
github.com/aliyun/aliyun-oss-go-sdk/v3/oss/api_op_bucket.go:344.73,348.30 4 1
github.com/aliyun/aliyun-oss-go-sdk/v3/oss/api_op_bucket.go:348.30,349.32 1 1
github.com/aliyun/aliyun-oss-go-sdk/v3/oss/api_op_bucket.go:349.32,350.54 1 1
github.com/aliyun/aliyun-oss-go-sdk/v3/oss/api_op_bucket.go:353.6,353.18 1 1
github.com/aliyun/aliyun-oss-go-sdk/v3/oss/api_op_bucket.go:350.54,352.7 1 0
github.com/aliyun/aliyun-oss-go-sdk/v3/oss/api_op_bucket.go:358.73,362.30 4 1
github.com/aliyun/aliyun-oss-go-sdk/v3/oss/api_op_bucket.go:370.4,370.47 1 1
github.com/aliyun/aliyun-oss-go-sdk/v3/oss/api_op_bucket.go:375.4,375.52 1 1
github.com/aliyun/aliyun-oss-go-sdk/v3/oss/api_op_bucket.go:380.4,380.47 1 1
github.com/aliyun/aliyun-oss-go-sdk/v3/oss/api_op_bucket.go:362.30,363.32 1 1
github.com/aliyun/aliyun-oss-go-sdk/v3/oss/api_op_bucket.go:363.32,364.54 1 1
github.com/aliyun/aliyun-oss-go-sdk/v3/oss/api_op_bucket.go:367.6,367.18 1 1
github.com/aliyun/aliyun-oss-go-sdk/v3/oss/api_op_bucket.go:364.54,366.7 1 0
github.com/aliyun/aliyun-oss-go-sdk/v3/oss/api_op_bucket.go:370.47,371.96 1 1
github.com/aliyun/aliyun-oss-go-sdk/v3/oss/api_op_bucket.go:371.96,373.6 1 0
github.com/aliyun/aliyun-oss-go-sdk/v3/oss/api_op_bucket.go:375.52,376.106 1 1
github.com/aliyun/aliyun-oss-go-sdk/v3/oss/api_op_bucket.go:376.106,378.6 1 0
github.com/aliyun/aliyun-oss-go-sdk/v3/oss/api_op_bucket.go:380.47,381.102 1 1
github.com/aliyun/aliyun-oss-go-sdk/v3/oss/api_op_bucket.go:381.102,383.6 1 0
github.com/aliyun/aliyun-oss-go-sdk/v3/oss/api_op_bucket.go:473.140,475.20 2 1
github.com/aliyun/aliyun-oss-go-sdk/v3/oss/api_op_bucket.go:478.2,490.72 2 1
github.com/aliyun/aliyun-oss-go-sdk/v3/oss/api_op_bucket.go:493.2,494.16 2 1
github.com/aliyun/aliyun-oss-go-sdk/v3/oss/api_op_bucket.go:498.2,499.96 2 1
github.com/aliyun/aliyun-oss-go-sdk/v3/oss/api_op_bucket.go:503.2,503.20 1 1
github.com/aliyun/aliyun-oss-go-sdk/v3/oss/api_op_bucket.go:475.20,477.3 1 0
github.com/aliyun/aliyun-oss-go-sdk/v3/oss/api_op_bucket.go:490.72,492.3 1 0
github.com/aliyun/aliyun-oss-go-sdk/v3/oss/api_op_bucket.go:494.16,496.3 1 1
github.com/aliyun/aliyun-oss-go-sdk/v3/oss/api_op_bucket.go:499.96,501.3 1 0
github.com/aliyun/aliyun-oss-go-sdk/v3/oss/api_op_bucket.go:592.140,594.20 2 1
github.com/aliyun/aliyun-oss-go-sdk/v3/oss/api_op_bucket.go:597.2,608.72 2 1
github.com/aliyun/aliyun-oss-go-sdk/v3/oss/api_op_bucket.go:611.2,612.16 2 1
github.com/aliyun/aliyun-oss-go-sdk/v3/oss/api_op_bucket.go:616.2,617.93 2 1
github.com/aliyun/aliyun-oss-go-sdk/v3/oss/api_op_bucket.go:620.2,620.20 1 1
github.com/aliyun/aliyun-oss-go-sdk/v3/oss/api_op_bucket.go:594.20,596.3 1 0
github.com/aliyun/aliyun-oss-go-sdk/v3/oss/api_op_bucket.go:608.72,610.3 1 0
github.com/aliyun/aliyun-oss-go-sdk/v3/oss/api_op_bucket.go:612.16,614.3 1 1
github.com/aliyun/aliyun-oss-go-sdk/v3/oss/api_op_bucket.go:617.93,619.3 1 0
github.com/aliyun/aliyun-oss-go-sdk/v3/oss/api_op_bucket.go:623.66,624.28 1 1
github.com/aliyun/aliyun-oss-go-sdk/v3/oss/api_op_bucket.go:633.2,633.12 1 1
github.com/aliyun/aliyun-oss-go-sdk/v3/oss/api_op_bucket.go:625.28,627.29 2 1
github.com/aliyun/aliyun-oss-go-sdk/v3/oss/api_op_bucket.go:627.29,628.34 1 1
github.com/aliyun/aliyun-oss-go-sdk/v3/oss/api_op_bucket.go:628.34,630.5 1 1
github.com/aliyun/aliyun-oss-go-sdk/v3/oss/api_op_bucket.go:649.152,651.20 2 1
github.com/aliyun/aliyun-oss-go-sdk/v3/oss/api_op_bucket.go:654.2,665.72 2 1
github.com/aliyun/aliyun-oss-go-sdk/v3/oss/api_op_bucket.go:668.2,669.16 2 1
github.com/aliyun/aliyun-oss-go-sdk/v3/oss/api_op_bucket.go:672.2,673.75 2 1
github.com/aliyun/aliyun-oss-go-sdk/v3/oss/api_op_bucket.go:676.2,676.20 1 1
github.com/aliyun/aliyun-oss-go-sdk/v3/oss/api_op_bucket.go:651.20,653.3 1 0
github.com/aliyun/aliyun-oss-go-sdk/v3/oss/api_op_bucket.go:665.72,667.3 1 0
github.com/aliyun/aliyun-oss-go-sdk/v3/oss/api_op_bucket.go:669.16,671.3 1 1
github.com/aliyun/aliyun-oss-go-sdk/v3/oss/api_op_bucket.go:673.75,675.3 1 0
github.com/aliyun/aliyun-oss-go-sdk/v3/oss/api_op_bucket.go:737.140,739.20 2 1
github.com/aliyun/aliyun-oss-go-sdk/v3/oss/api_op_bucket.go:742.2,753.72 2 1
github.com/aliyun/aliyun-oss-go-sdk/v3/oss/api_op_bucket.go:756.2,757.16 2 1
github.com/aliyun/aliyun-oss-go-sdk/v3/oss/api_op_bucket.go:760.2,761.75 2 1
github.com/aliyun/aliyun-oss-go-sdk/v3/oss/api_op_bucket.go:764.2,764.20 1 1
github.com/aliyun/aliyun-oss-go-sdk/v3/oss/api_op_bucket.go:739.20,741.3 1 0
github.com/aliyun/aliyun-oss-go-sdk/v3/oss/api_op_bucket.go:753.72,755.3 1 0
github.com/aliyun/aliyun-oss-go-sdk/v3/oss/api_op_bucket.go:757.16,759.3 1 1
github.com/aliyun/aliyun-oss-go-sdk/v3/oss/api_op_bucket.go:761.75,763.3 1 0
github.com/aliyun/aliyun-oss-go-sdk/v3/oss/api_op_bucket.go:781.137,783.20 2 1
github.com/aliyun/aliyun-oss-go-sdk/v3/oss/api_op_bucket.go:786.2,797.72 2 1
github.com/aliyun/aliyun-oss-go-sdk/v3/oss/api_op_bucket.go:800.2,801.16 2 1
github.com/aliyun/aliyun-oss-go-sdk/v3/oss/api_op_bucket.go:804.2,805.75 2 1
github.com/aliyun/aliyun-oss-go-sdk/v3/oss/api_op_bucket.go:808.2,808.20 1 1
github.com/aliyun/aliyun-oss-go-sdk/v3/oss/api_op_bucket.go:783.20,785.3 1 0
github.com/aliyun/aliyun-oss-go-sdk/v3/oss/api_op_bucket.go:797.72,799.3 1 1
github.com/aliyun/aliyun-oss-go-sdk/v3/oss/api_op_bucket.go:801.16,803.3 1 1
github.com/aliyun/aliyun-oss-go-sdk/v3/oss/api_op_bucket.go:805.75,807.3 1 0
github.com/aliyun/aliyun-oss-go-sdk/v3/oss/api_op_bucket.go:829.137,831.20 2 1
github.com/aliyun/aliyun-oss-go-sdk/v3/oss/api_op_bucket.go:834.2,845.72 2 1
github.com/aliyun/aliyun-oss-go-sdk/v3/oss/api_op_bucket.go:848.2,849.16 2 1
github.com/aliyun/aliyun-oss-go-sdk/v3/oss/api_op_bucket.go:852.2,853.75 2 1
github.com/aliyun/aliyun-oss-go-sdk/v3/oss/api_op_bucket.go:856.2,856.20 1 1
github.com/aliyun/aliyun-oss-go-sdk/v3/oss/api_op_bucket.go:831.20,833.3 1 0
github.com/aliyun/aliyun-oss-go-sdk/v3/oss/api_op_bucket.go:845.72,847.3 1 0
github.com/aliyun/aliyun-oss-go-sdk/v3/oss/api_op_bucket.go:849.16,851.3 1 1
github.com/aliyun/aliyun-oss-go-sdk/v3/oss/api_op_bucket.go:853.75,855.3 1 0
github.com/aliyun/aliyun-oss-go-sdk/v3/oss/api_op_bucket.go:878.158,880.20 2 1
github.com/aliyun/aliyun-oss-go-sdk/v3/oss/api_op_bucket.go:883.2,894.72 2 1
github.com/aliyun/aliyun-oss-go-sdk/v3/oss/api_op_bucket.go:897.2,898.16 2 1
github.com/aliyun/aliyun-oss-go-sdk/v3/oss/api_op_bucket.go:901.2,902.75 2 1
github.com/aliyun/aliyun-oss-go-sdk/v3/oss/api_op_bucket.go:905.2,905.20 1 1
github.com/aliyun/aliyun-oss-go-sdk/v3/oss/api_op_bucket.go:880.20,882.3 1 0
github.com/aliyun/aliyun-oss-go-sdk/v3/oss/api_op_bucket.go:894.72,896.3 1 0
github.com/aliyun/aliyun-oss-go-sdk/v3/oss/api_op_bucket.go:898.16,900.3 1 1
github.com/aliyun/aliyun-oss-go-sdk/v3/oss/api_op_bucket.go:902.75,904.3 1 0
github.com/aliyun/aliyun-oss-go-sdk/v3/oss/api_op_bucket.go:923.158,925.20 2 1
github.com/aliyun/aliyun-oss-go-sdk/v3/oss/api_op_bucket.go:928.2,936.72 2 1
github.com/aliyun/aliyun-oss-go-sdk/v3/oss/api_op_bucket.go:939.2,940.16 2 1
github.com/aliyun/aliyun-oss-go-sdk/v3/oss/api_op_bucket.go:943.2,944.75 2 1
github.com/aliyun/aliyun-oss-go-sdk/v3/oss/api_op_bucket.go:947.2,947.20 1 1
github.com/aliyun/aliyun-oss-go-sdk/v3/oss/api_op_bucket.go:925.20,927.3 1 0
github.com/aliyun/aliyun-oss-go-sdk/v3/oss/api_op_bucket.go:936.72,938.3 1 0
github.com/aliyun/aliyun-oss-go-sdk/v3/oss/api_op_bucket.go:940.16,942.3 1 1
github.com/aliyun/aliyun-oss-go-sdk/v3/oss/api_op_bucket.go:944.75,946.3 1 0
github.com/aliyun/aliyun-oss-go-sdk/v3/oss/api_op_bucket.go:1082.155,1084.20 2 1
github.com/aliyun/aliyun-oss-go-sdk/v3/oss/api_op_bucket.go:1087.2,1096.72 2 1
github.com/aliyun/aliyun-oss-go-sdk/v3/oss/api_op_bucket.go:1099.2,1100.16 2 1
github.com/aliyun/aliyun-oss-go-sdk/v3/oss/api_op_bucket.go:1104.2,1105.96 2 1
github.com/aliyun/aliyun-oss-go-sdk/v3/oss/api_op_bucket.go:1109.2,1109.20 1 1
github.com/aliyun/aliyun-oss-go-sdk/v3/oss/api_op_bucket.go:1084.20,1086.3 1 0
github.com/aliyun/aliyun-oss-go-sdk/v3/oss/api_op_bucket.go:1096.72,1098.3 1 0
github.com/aliyun/aliyun-oss-go-sdk/v3/oss/api_op_bucket.go:1100.16,1102.3 1 1
github.com/aliyun/aliyun-oss-go-sdk/v3/oss/api_op_bucket.go:1105.96,1107.3 1 0
github.com/aliyun/aliyun-oss-go-sdk/v3/oss/types.go:12.45,14.2 1 1
github.com/aliyun/aliyun-oss-go-sdk/v3/oss/types.go:16.54,18.29 2 0
github.com/aliyun/aliyun-oss-go-sdk/v3/oss/types.go:22.2,24.3 1 0
github.com/aliyun/aliyun-oss-go-sdk/v3/oss/types.go:18.29,20.3 1 0
github.com/aliyun/aliyun-oss-go-sdk/v3/oss/types.go:27.49,28.21 1 1
github.com/aliyun/aliyun-oss-go-sdk/v3/oss/types.go:31.2,31.23 1 1
github.com/aliyun/aliyun-oss-go-sdk/v3/oss/types.go:28.21,30.3 1 1
github.com/aliyun/aliyun-oss-go-sdk/v3/oss/types.go:34.46,35.21 1 0
github.com/aliyun/aliyun-oss-go-sdk/v3/oss/types.go:38.2,39.11 2 0
github.com/aliyun/aliyun-oss-go-sdk/v3/oss/types.go:35.21,37.3 1 0
github.com/aliyun/aliyun-oss-go-sdk/v3/oss/types.go:52.93,54.2 1 1
github.com/aliyun/aliyun-oss-go-sdk/v3/oss/types.go:67.107,72.2 4 1
github.com/aliyun/aliyun-oss-go-sdk/v3/oss/config.go:73.26,75.2 1 1
github.com/aliyun/aliyun-oss-go-sdk/v3/oss/config.go:77.31,80.2 2 0
github.com/aliyun/aliyun-oss-go-sdk/v3/oss/config.go:82.34,88.2 2 1
github.com/aliyun/aliyun-oss-go-sdk/v3/oss/config.go:90.52,93.2 2 1
github.com/aliyun/aliyun-oss-go-sdk/v3/oss/config.go:95.56,98.2 2 1
github.com/aliyun/aliyun-oss-go-sdk/v3/oss/config.go:100.58,103.2 2 1
github.com/aliyun/aliyun-oss-go-sdk/v3/oss/config.go:105.61,108.2 2 0
github.com/aliyun/aliyun-oss-go-sdk/v3/oss/config.go:110.62,113.2 2 0
github.com/aliyun/aliyun-oss-go-sdk/v3/oss/config.go:115.92,118.2 2 1
github.com/aliyun/aliyun-oss-go-sdk/v3/oss/config.go:120.56,123.2 2 0
github.com/aliyun/aliyun-oss-go-sdk/v3/oss/config.go:125.52,128.2 2 0
github.com/aliyun/aliyun-oss-go-sdk/v3/oss/config.go:130.66,133.2 2 0
github.com/aliyun/aliyun-oss-go-sdk/v3/oss/config.go:135.68,138.2 2 1
github.com/aliyun/aliyun-oss-go-sdk/v3/oss/config.go:140.61,143.2 2 0
github.com/aliyun/aliyun-oss-go-sdk/v3/oss/config.go:145.58,148.2 2 0
github.com/aliyun/aliyun-oss-go-sdk/v3/oss/config.go:150.54,153.2 2 0
github.com/aliyun/aliyun-oss-go-sdk/v3/oss/config.go:155.63,158.2 2 0
github.com/aliyun/aliyun-oss-go-sdk/v3/oss/config.go:160.64,163.2 2 0
github.com/aliyun/aliyun-oss-go-sdk/v3/oss/config.go:165.66,168.2 2 0
github.com/aliyun/aliyun-oss-go-sdk/v3/oss/config.go:170.75,173.2 2 1
github.com/aliyun/aliyun-oss-go-sdk/v3/oss/enums.go:166.39,167.11 1 0
github.com/aliyun/aliyun-oss-go-sdk/v3/oss/enums.go:168.10,169.32 1 0
github.com/aliyun/aliyun-oss-go-sdk/v3/oss/enums.go:170.20,171.22 1 0
github.com/aliyun/aliyun-oss-go-sdk/v3/oss/enums.go:172.21,173.23 1 0
github.com/aliyun/aliyun-oss-go-sdk/v3/oss/enums.go:197.47,198.11 1 0
github.com/aliyun/aliyun-oss-go-sdk/v3/oss/enums.go:199.10,200.35 1 0
github.com/aliyun/aliyun-oss-go-sdk/v3/oss/enums.go:211.41,212.11 1 0
github.com/aliyun/aliyun-oss-go-sdk/v3/oss/enums.go:213.23,214.35 1 0
github.com/aliyun/aliyun-oss-go-sdk/v3/oss/enums.go:215.10,216.36 1 0
github.com/aliyun/aliyun-oss-go-sdk/v3/oss/from_ptr.go:7.31,8.14 1 0
github.com/aliyun/aliyun-oss-go-sdk/v3/oss/from_ptr.go:12.2,12.11 1 0
github.com/aliyun/aliyun-oss-go-sdk/v3/oss/from_ptr.go:8.14,10.3 1 0
github.com/aliyun/aliyun-oss-go-sdk/v3/oss/from_ptr.go:17.37,18.14 1 1
github.com/aliyun/aliyun-oss-go-sdk/v3/oss/from_ptr.go:22.2,22.11 1 1
github.com/aliyun/aliyun-oss-go-sdk/v3/oss/from_ptr.go:18.14,20.3 1 1
github.com/aliyun/aliyun-oss-go-sdk/v3/oss/from_ptr.go:27.41,28.14 1 1
github.com/aliyun/aliyun-oss-go-sdk/v3/oss/from_ptr.go:32.2,32.11 1 1
github.com/aliyun/aliyun-oss-go-sdk/v3/oss/from_ptr.go:28.14,30.3 1 0
github.com/aliyun/aliyun-oss-go-sdk/v3/oss/from_ptr.go:37.53,38.14 1 0
github.com/aliyun/aliyun-oss-go-sdk/v3/oss/from_ptr.go:42.2,42.11 1 0
github.com/aliyun/aliyun-oss-go-sdk/v3/oss/from_ptr.go:38.14,40.3 1 0
github.com/aliyun/aliyun-oss-go-sdk/v3/oss/io_utils.go:17.72,18.15 1 1
github.com/aliyun/aliyun-oss-go-sdk/v3/oss/io_utils.go:21.2,24.3 1 1
github.com/aliyun/aliyun-oss-go-sdk/v3/oss/io_utils.go:18.15,20.3 1 0
github.com/aliyun/aliyun-oss-go-sdk/v3/oss/io_utils.go:27.56,29.2 1 1
github.com/aliyun/aliyun-oss-go-sdk/v3/oss/io_utils.go:35.57,36.25 1 1
github.com/aliyun/aliyun-oss-go-sdk/v3/oss/io_utils.go:40.2,40.15 1 0
github.com/aliyun/aliyun-oss-go-sdk/v3/oss/io_utils.go:37.17,38.19 1 1
github.com/aliyun/aliyun-oss-go-sdk/v3/oss/io_utils.go:43.75,44.25 1 1
github.com/aliyun/aliyun-oss-go-sdk/v3/oss/io_utils.go:48.2,48.22 1 1
github.com/aliyun/aliyun-oss-go-sdk/v3/oss/io_utils.go:45.17,46.32 1 1
github.com/aliyun/aliyun-oss-go-sdk/v3/oss/io_utils.go:51.43,53.2 1 1
github.com/aliyun/aliyun-oss-go-sdk/v3/oss/io_utils.go:55.45,58.2 2 1
github.com/aliyun/aliyun-oss-go-sdk/v3/oss/io_utils.go:60.50,65.32 2 1
github.com/aliyun/aliyun-oss-go-sdk/v3/oss/io_utils.go:69.2,69.17 1 1
github.com/aliyun/aliyun-oss-go-sdk/v3/oss/io_utils.go:65.32,67.3 1 1
github.com/aliyun/aliyun-oss-go-sdk/v3/oss/io_utils.go:72.53,73.29 1 1
github.com/aliyun/aliyun-oss-go-sdk/v3/oss/io_utils.go:77.2,77.34 1 1
github.com/aliyun/aliyun-oss-go-sdk/v3/oss/io_utils.go:81.2,81.16 1 1
github.com/aliyun/aliyun-oss-go-sdk/v3/oss/io_utils.go:73.29,75.3 1 1
github.com/aliyun/aliyun-oss-go-sdk/v3/oss/io_utils.go:77.34,79.3 1 1
github.com/aliyun/aliyun-oss-go-sdk/v3/oss/io_utils.go:84.44,86.16 2 1
github.com/aliyun/aliyun-oss-go-sdk/v3/oss/io_utils.go:90.2,91.16 2 1
github.com/aliyun/aliyun-oss-go-sdk/v3/oss/io_utils.go:95.2,96.16 2 1
github.com/aliyun/aliyun-oss-go-sdk/v3/oss/io_utils.go:100.2,100.35 1 1
github.com/aliyun/aliyun-oss-go-sdk/v3/oss/io_utils.go:86.16,88.3 1 0
github.com/aliyun/aliyun-oss-go-sdk/v3/oss/io_utils.go:91.16,93.3 1 0
github.com/aliyun/aliyun-oss-go-sdk/v3/oss/io_utils.go:96.16,98.3 1 0
github.com/aliyun/aliyun-oss-go-sdk/v3/oss/io_utils.go:103.41,104.23 1 1
github.com/aliyun/aliyun-oss-go-sdk/v3/oss/io_utils.go:105.26,106.22 1 1
github.com/aliyun/aliyun-oss-go-sdk/v3/oss/io_utils.go:107.27,108.22 1 0
github.com/aliyun/aliyun-oss-go-sdk/v3/oss/io_utils.go:109.21,110.14 1 0
github.com/aliyun/aliyun-oss-go-sdk/v3/oss/io_utils.go:111.10,112.15 1 0
github.com/aliyun/aliyun-oss-go-sdk/v3/oss/io_utils.go:116.38,121.30 2 1
github.com/aliyun/aliyun-oss-go-sdk/v3/oss/io_utils.go:125.2,125.32 1 1
github.com/aliyun/aliyun-oss-go-sdk/v3/oss/io_utils.go:131.2,131.11 1 1
github.com/aliyun/aliyun-oss-go-sdk/v3/oss/io_utils.go:121.30,123.3 1 1
github.com/aliyun/aliyun-oss-go-sdk/v3/oss/io_utils.go:125.32,126.41 1 1
github.com/aliyun/aliyun-oss-go-sdk/v3/oss/io_utils.go:126.41,128.4 1 1
github.com/aliyun/aliyun-oss-go-sdk/v3/oss/io_utils.go:140.33,141.14 1 1
github.com/aliyun/aliyun-oss-go-sdk/v3/oss/io_utils.go:144.2,144.30 1 1
github.com/aliyun/aliyun-oss-go-sdk/v3/oss/io_utils.go:147.2,147.14 1 1
github.com/aliyun/aliyun-oss-go-sdk/v3/oss/io_utils.go:141.14,143.3 1 1
github.com/aliyun/aliyun-oss-go-sdk/v3/oss/io_utils.go:144.30,146.3 1 1
github.com/aliyun/aliyun-oss-go-sdk/v3/oss/io_utils.go:150.43,156.2 5 1
github.com/aliyun/aliyun-oss-go-sdk/v3/oss/io_utils.go:158.34,160.2 1 1
github.com/aliyun/aliyun-oss-go-sdk/v3/oss/io_utils.go:162.35,164.2 1 1
github.com/aliyun/aliyun-oss-go-sdk/v3/oss/io_utils.go:218.104,220.18 1 1
github.com/aliyun/aliyun-oss-go-sdk/v3/oss/io_utils.go:223.2,223.21 1 1
github.com/aliyun/aliyun-oss-go-sdk/v3/oss/io_utils.go:227.2,230.22 3 1
github.com/aliyun/aliyun-oss-go-sdk/v3/oss/io_utils.go:234.2,249.15 3 1
github.com/aliyun/aliyun-oss-go-sdk/v3/oss/io_utils.go:220.18,222.3 1 1
github.com/aliyun/aliyun-oss-go-sdk/v3/oss/io_utils.go:223.21,225.3 1 1
github.com/aliyun/aliyun-oss-go-sdk/v3/oss/io_utils.go:230.22,232.3 1 1
github.com/aliyun/aliyun-oss-go-sdk/v3/oss/io_utils.go:252.46,262.31 8 1
github.com/aliyun/aliyun-oss-go-sdk/v3/oss/io_utils.go:267.2,267.12 1 1
github.com/aliyun/aliyun-oss-go-sdk/v3/oss/io_utils.go:262.31,264.3 1 1
github.com/aliyun/aliyun-oss-go-sdk/v3/oss/io_utils.go:267.12,271.7 3 1
github.com/aliyun/aliyun-oss-go-sdk/v3/oss/io_utils.go:271.7,272.11 1 1
github.com/aliyun/aliyun-oss-go-sdk/v3/oss/io_utils.go:273.19,275.38 2 1
github.com/aliyun/aliyun-oss-go-sdk/v3/oss/io_utils.go:280.5,280.63 1 1
github.com/aliyun/aliyun-oss-go-sdk/v3/oss/io_utils.go:288.5,288.20 1 1
github.com/aliyun/aliyun-oss-go-sdk/v3/oss/io_utils.go:326.5,329.22 4 1
github.com/aliyun/aliyun-oss-go-sdk/v3/oss/io_utils.go:333.5,334.19 2 1
github.com/aliyun/aliyun-oss-go-sdk/v3/oss/io_utils.go:341.18,342.11 1 1
github.com/aliyun/aliyun-oss-go-sdk/v3/oss/io_utils.go:275.38,278.6 2 1
github.com/aliyun/aliyun-oss-go-sdk/v3/oss/io_utils.go:280.63,286.6 4 0
github.com/aliyun/aliyun-oss-go-sdk/v3/oss/io_utils.go:288.20,290.20 2 1
github.com/aliyun/aliyun-oss-go-sdk/v3/oss/io_utils.go:310.6,310.20 1 1
github.com/aliyun/aliyun-oss-go-sdk/v3/oss/io_utils.go:317.6,318.31 2 1
github.com/aliyun/aliyun-oss-go-sdk/v3/oss/io_utils.go:321.6,321.17 1 1
github.com/aliyun/aliyun-oss-go-sdk/v3/oss/io_utils.go:290.20,292.23 2 1
github.com/aliyun/aliyun-oss-go-sdk/v3/oss/io_utils.go:295.7,295.25 1 1
github.com/aliyun/aliyun-oss-go-sdk/v3/oss/io_utils.go:300.7,301.37 2 1
github.com/aliyun/aliyun-oss-go-sdk/v3/oss/io_utils.go:306.7,306.36 1 1
github.com/aliyun/aliyun-oss-go-sdk/v3/oss/io_utils.go:292.23,294.8 1 1
github.com/aliyun/aliyun-oss-go-sdk/v3/oss/io_utils.go:295.25,297.8 1 1
github.com/aliyun/aliyun-oss-go-sdk/v3/oss/io_utils.go:301.37,303.8 1 1
github.com/aliyun/aliyun-oss-go-sdk/v3/oss/io_utils.go:303.13,305.8 1 1
github.com/aliyun/aliyun-oss-go-sdk/v3/oss/io_utils.go:306.36,308.8 1 1
github.com/aliyun/aliyun-oss-go-sdk/v3/oss/io_utils.go:310.20,316.7 4 1
github.com/aliyun/aliyun-oss-go-sdk/v3/oss/io_utils.go:318.31,320.7 1 1
github.com/aliyun/aliyun-oss-go-sdk/v3/oss/io_utils.go:329.22,331.6 1 1
github.com/aliyun/aliyun-oss-go-sdk/v3/oss/io_utils.go:334.19,337.23 3 1
github.com/aliyun/aliyun-oss-go-sdk/v3/oss/io_utils.go:337.23,339.7 1 1
github.com/aliyun/aliyun-oss-go-sdk/v3/oss/io_utils.go:348.47,349.21 1 1
github.com/aliyun/aliyun-oss-go-sdk/v3/oss/io_utils.go:365.2,365.12 1 1
github.com/aliyun/aliyun-oss-go-sdk/v3/oss/io_utils.go:349.21,350.19 1 1
github.com/aliyun/aliyun-oss-go-sdk/v3/oss/io_utils.go:355.3,356.10 2 1
github.com/aliyun/aliyun-oss-go-sdk/v3/oss/io_utils.go:363.3,363.12 1 1
github.com/aliyun/aliyun-oss-go-sdk/v3/oss/io_utils.go:350.19,354.4 3 1
github.com/aliyun/aliyun-oss-go-sdk/v3/oss/io_utils.go:356.10,358.20 1 1
github.com/aliyun/aliyun-oss-go-sdk/v3/oss/io_utils.go:361.4,361.16 1 1
github.com/aliyun/aliyun-oss-go-sdk/v3/oss/io_utils.go:358.20,360.5 1 1
github.com/aliyun/aliyun-oss-go-sdk/v3/oss/io_utils.go:369.62,372.15 3 1
github.com/aliyun/aliyun-oss-go-sdk/v3/oss/io_utils.go:377.2,378.16 2 1
github.com/aliyun/aliyun-oss-go-sdk/v3/oss/io_utils.go:383.2,387.21 3 1
github.com/aliyun/aliyun-oss-go-sdk/v3/oss/io_utils.go:391.2,391.15 1 1
github.com/aliyun/aliyun-oss-go-sdk/v3/oss/io_utils.go:372.15,374.3 1 1
github.com/aliyun/aliyun-oss-go-sdk/v3/oss/io_utils.go:378.16,380.3 1 1
github.com/aliyun/aliyun-oss-go-sdk/v3/oss/io_utils.go:387.21,390.3 2 1
github.com/aliyun/aliyun-oss-go-sdk/v3/oss/io_utils.go:394.43,396.2 1 1
github.com/aliyun/aliyun-oss-go-sdk/v3/oss/io_utils.go:398.48,400.14 2 1
github.com/aliyun/aliyun-oss-go-sdk/v3/oss/io_utils.go:403.2,405.17 2 1
github.com/aliyun/aliyun-oss-go-sdk/v3/oss/io_utils.go:408.2,408.8 1 1
github.com/aliyun/aliyun-oss-go-sdk/v3/oss/io_utils.go:400.14,402.3 1 1
github.com/aliyun/aliyun-oss-go-sdk/v3/oss/io_utils.go:405.17,407.3 1 1
github.com/aliyun/aliyun-oss-go-sdk/v3/oss/io_utils.go:411.38,415.18 4 1
github.com/aliyun/aliyun-oss-go-sdk/v3/oss/io_utils.go:419.2,419.25 1 1
github.com/aliyun/aliyun-oss-go-sdk/v3/oss/io_utils.go:415.18,418.3 2 1
github.com/aliyun/aliyun-oss-go-sdk/v3/oss/io_utils.go:419.25,421.3 1 1
github.com/aliyun/aliyun-oss-go-sdk/v3/oss/io_utils.go:424.35,425.9 1 1
github.com/aliyun/aliyun-oss-go-sdk/v3/oss/io_utils.go:430.2,432.12 3 1
github.com/aliyun/aliyun-oss-go-sdk/v3/oss/io_utils.go:426.16,427.9 1 1
github.com/aliyun/aliyun-oss-go-sdk/v3/oss/io_utils.go:428.10,428.10 0 1
github.com/aliyun/aliyun-oss-go-sdk/v3/oss/io_utils.go:440.49,443.2 2 1
github.com/aliyun/aliyun-oss-go-sdk/v3/oss/io_utils.go:445.48,446.27 1 1
github.com/aliyun/aliyun-oss-go-sdk/v3/oss/io_utils.go:455.2,457.3 1 1
github.com/aliyun/aliyun-oss-go-sdk/v3/oss/io_utils.go:446.27,449.20 1 1
github.com/aliyun/aliyun-oss-go-sdk/v3/oss/io_utils.go:449.20,452.5 1 1
github.com/aliyun/aliyun-oss-go-sdk/v3/oss/io_utils.go:460.59,462.33 2 1
github.com/aliyun/aliyun-oss-go-sdk/v3/oss/io_utils.go:466.2,466.15 1 1
github.com/aliyun/aliyun-oss-go-sdk/v3/oss/io_utils.go:462.33,465.3 2 1
github.com/aliyun/aliyun-oss-go-sdk/v3/oss/io_utils.go:479.38,480.19 1 1
github.com/aliyun/aliyun-oss-go-sdk/v3/oss/io_utils.go:483.2,483.26 1 1
github.com/aliyun/aliyun-oss-go-sdk/v3/oss/io_utils.go:480.19,482.3 1 1
github.com/aliyun/aliyun-oss-go-sdk/v3/oss/io_utils.go:487.41,487.58 1 1
github.com/aliyun/aliyun-oss-go-sdk/v3/oss/io_utils.go:490.62,491.19 1 1
github.com/aliyun/aliyun-oss-go-sdk/v3/oss/io_utils.go:495.2,496.31 2 1
github.com/aliyun/aliyun-oss-go-sdk/v3/oss/io_utils.go:501.2,501.19 1 1
github.com/aliyun/aliyun-oss-go-sdk/v3/oss/io_utils.go:505.2,505.15 1 1
github.com/aliyun/aliyun-oss-go-sdk/v3/oss/io_utils.go:491.19,493.3 1 1
github.com/aliyun/aliyun-oss-go-sdk/v3/oss/io_utils.go:496.31,499.3 2 1
github.com/aliyun/aliyun-oss-go-sdk/v3/oss/io_utils.go:501.19,503.3 1 1
github.com/aliyun/aliyun-oss-go-sdk/v3/oss/io_utils.go:508.62,509.19 1 1
github.com/aliyun/aliyun-oss-go-sdk/v3/oss/io_utils.go:514.2,514.30 1 1
github.com/aliyun/aliyun-oss-go-sdk/v3/oss/io_utils.go:519.2,519.24 1 1
github.com/aliyun/aliyun-oss-go-sdk/v3/oss/io_utils.go:526.2,530.8 4 1
github.com/aliyun/aliyun-oss-go-sdk/v3/oss/io_utils.go:509.19,511.3 1 1
github.com/aliyun/aliyun-oss-go-sdk/v3/oss/io_utils.go:514.30,517.3 2 1
github.com/aliyun/aliyun-oss-go-sdk/v3/oss/io_utils.go:519.24,522.3 2 0
github.com/aliyun/aliyun-oss-go-sdk/v3/oss/io_utils.go:522.8,522.30 1 1
github.com/aliyun/aliyun-oss-go-sdk/v3/oss/io_utils.go:522.30,524.3 1 0
github.com/aliyun/aliyun-oss-go-sdk/v3/oss/io_utils.go:534.74,536.16 2 1
github.com/aliyun/aliyun-oss-go-sdk/v3/oss/io_utils.go:546.2,546.13 1 1
github.com/aliyun/aliyun-oss-go-sdk/v3/oss/io_utils.go:549.2,551.17 3 1
github.com/aliyun/aliyun-oss-go-sdk/v3/oss/io_utils.go:537.20,538.15 1 1
github.com/aliyun/aliyun-oss-go-sdk/v3/oss/io_utils.go:539.22,540.21 1 1
github.com/aliyun/aliyun-oss-go-sdk/v3/oss/io_utils.go:541.18,542.24 1 1
github.com/aliyun/aliyun-oss-go-sdk/v3/oss/io_utils.go:543.10,544.64 1 0
github.com/aliyun/aliyun-oss-go-sdk/v3/oss/io_utils.go:546.13,548.3 1 1
github.com/aliyun/aliyun-oss-go-sdk/v3/oss/io_utils.go:555.46,563.2 4 1
github.com/aliyun/aliyun-oss-go-sdk/v3/oss/io_utils.go:565.53,567.30 2 1
github.com/aliyun/aliyun-oss-go-sdk/v3/oss/io_utils.go:570.2,570.13 1 1
github.com/aliyun/aliyun-oss-go-sdk/v3/oss/io_utils.go:567.30,569.3 1 1
github.com/aliyun/aliyun-oss-go-sdk/v3/oss/io_utils.go:573.39,576.37 3 1
github.com/aliyun/aliyun-oss-go-sdk/v3/oss/io_utils.go:584.2,585.21 2 1
github.com/aliyun/aliyun-oss-go-sdk/v3/oss/io_utils.go:576.37,578.21 2 1
github.com/aliyun/aliyun-oss-go-sdk/v3/oss/io_utils.go:581.3,582.18 2 1
github.com/aliyun/aliyun-oss-go-sdk/v3/oss/io_utils.go:578.21,579.9 1 1
github.com/aliyun/aliyun-oss-go-sdk/v3/oss/io_utils.go:589.56,597.2 4 1
github.com/aliyun/aliyun-oss-go-sdk/v3/oss/io_utils.go:622.126,623.21 1 1
github.com/aliyun/aliyun-oss-go-sdk/v3/oss/io_utils.go:627.2,628.22 2 1
github.com/aliyun/aliyun-oss-go-sdk/v3/oss/io_utils.go:632.2,643.15 2 1
github.com/aliyun/aliyun-oss-go-sdk/v3/oss/io_utils.go:623.21,625.3 1 1
github.com/aliyun/aliyun-oss-go-sdk/v3/oss/io_utils.go:628.22,630.3 1 1
github.com/aliyun/aliyun-oss-go-sdk/v3/oss/io_utils.go:647.57,648.15 1 1
github.com/aliyun/aliyun-oss-go-sdk/v3/oss/io_utils.go:652.2,653.8 2 1
github.com/aliyun/aliyun-oss-go-sdk/v3/oss/io_utils.go:648.15,651.3 2 1
github.com/aliyun/aliyun-oss-go-sdk/v3/oss/io_utils.go:656.51,657.14 1 1
github.com/aliyun/aliyun-oss-go-sdk/v3/oss/io_utils.go:662.2,662.17 1 1
github.com/aliyun/aliyun-oss-go-sdk/v3/oss/io_utils.go:698.2,699.33 2 1
github.com/aliyun/aliyun-oss-go-sdk/v3/oss/io_utils.go:705.2,705.15 1 1
github.com/aliyun/aliyun-oss-go-sdk/v3/oss/io_utils.go:657.14,659.3 1 0
github.com/aliyun/aliyun-oss-go-sdk/v3/oss/io_utils.go:662.17,664.17 2 1
github.com/aliyun/aliyun-oss-go-sdk/v3/oss/io_utils.go:686.3,686.17 1 1
github.com/aliyun/aliyun-oss-go-sdk/v3/oss/io_utils.go:689.3,690.28 2 1
github.com/aliyun/aliyun-oss-go-sdk/v3/oss/io_utils.go:693.3,693.14 1 1
github.com/aliyun/aliyun-oss-go-sdk/v3/oss/io_utils.go:664.17,666.20 2 1
github.com/aliyun/aliyun-oss-go-sdk/v3/oss/io_utils.go:670.4,670.22 1 1
github.com/aliyun/aliyun-oss-go-sdk/v3/oss/io_utils.go:675.4,676.34 2 1
github.com/aliyun/aliyun-oss-go-sdk/v3/oss/io_utils.go:682.4,682.33 1 1
github.com/aliyun/aliyun-oss-go-sdk/v3/oss/io_utils.go:666.20,669.5 2 1
github.com/aliyun/aliyun-oss-go-sdk/v3/oss/io_utils.go:670.22,672.5 1 1
github.com/aliyun/aliyun-oss-go-sdk/v3/oss/io_utils.go:676.34,679.5 2 1
github.com/aliyun/aliyun-oss-go-sdk/v3/oss/io_utils.go:679.10,681.5 1 1
github.com/aliyun/aliyun-oss-go-sdk/v3/oss/io_utils.go:682.33,684.5 1 1
github.com/aliyun/aliyun-oss-go-sdk/v3/oss/io_utils.go:686.17,688.4 1 1
github.com/aliyun/aliyun-oss-go-sdk/v3/oss/io_utils.go:690.28,692.4 1 1
github.com/aliyun/aliyun-oss-go-sdk/v3/oss/io_utils.go:699.33,703.3 3 1
github.com/aliyun/aliyun-oss-go-sdk/v3/oss/io_utils.go:708.38,710.2 1 0
github.com/aliyun/aliyun-oss-go-sdk/v3/oss/io_utils.go:712.43,713.14 1 1
github.com/aliyun/aliyun-oss-go-sdk/v3/oss/io_utils.go:716.2,718.17 2 1
github.com/aliyun/aliyun-oss-go-sdk/v3/oss/io_utils.go:721.2,721.8 1 1
github.com/aliyun/aliyun-oss-go-sdk/v3/oss/io_utils.go:713.14,715.3 1 1
github.com/aliyun/aliyun-oss-go-sdk/v3/oss/io_utils.go:718.17,720.3 1 1
github.com/aliyun/aliyun-oss-go-sdk/v3/oss/limiter.go:24.55,29.2 1 0
github.com/aliyun/aliyun-oss-go-sdk/v3/oss/limiter.go:31.57,34.40 3 0
github.com/aliyun/aliyun-oss-go-sdk/v3/oss/limiter.go:37.2,39.11 3 0
github.com/aliyun/aliyun-oss-go-sdk/v3/oss/limiter.go:34.40,36.3 1 0
github.com/aliyun/aliyun-oss-go-sdk/v3/oss/limiter.go:42.48,44.2 1 0
github.com/aliyun/aliyun-oss-go-sdk/v3/oss/utils.go:19.13,20.37 1 1
github.com/aliyun/aliyun-oss-go-sdk/v3/oss/utils.go:20.37,28.3 1 1
github.com/aliyun/aliyun-oss-go-sdk/v3/oss/utils.go:33.69,37.9 3 1
github.com/aliyun/aliyun-oss-go-sdk/v3/oss/utils.go:44.2,44.12 1 1
github.com/aliyun/aliyun-oss-go-sdk/v3/oss/utils.go:38.13,39.8 1 1
github.com/aliyun/aliyun-oss-go-sdk/v3/oss/utils.go:40.20,41.19 1 0
github.com/aliyun/aliyun-oss-go-sdk/v3/oss/utils.go:49.24,51.2 1 0
github.com/aliyun/aliyun-oss-go-sdk/v3/oss/utils.go:54.25,56.2 1 1
github.com/aliyun/aliyun-oss-go-sdk/v3/oss/utils.go:58.53,60.33 2 1
github.com/aliyun/aliyun-oss-go-sdk/v3/oss/utils.go:68.2,68.21 1 1
github.com/aliyun/aliyun-oss-go-sdk/v3/oss/utils.go:60.33,62.46 2 1
github.com/aliyun/aliyun-oss-go-sdk/v3/oss/utils.go:62.46,64.4 1 1
github.com/aliyun/aliyun-oss-go-sdk/v3/oss/utils.go:64.9,66.4 1 1
github.com/aliyun/aliyun-oss-go-sdk/v3/oss/utils.go:71.41,72.18 1 1
github.com/aliyun/aliyun-oss-go-sdk/v3/oss/utils.go:86.2,86.14 1 0
github.com/aliyun/aliyun-oss-go-sdk/v3/oss/utils.go:73.65,74.22 1 1
github.com/aliyun/aliyun-oss-go-sdk/v3/oss/utils.go:75.20,76.19 1 1
github.com/aliyun/aliyun-oss-go-sdk/v3/oss/utils.go:77.78,78.22 1 1
github.com/aliyun/aliyun-oss-go-sdk/v3/oss/utils.go:79.100,80.23 1 0
github.com/aliyun/aliyun-oss-go-sdk/v3/oss/utils.go:81.40,82.24 1 0
github.com/aliyun/aliyun-oss-go-sdk/v3/oss/utils.go:83.42,84.19 1 1
github.com/aliyun/aliyun-oss-go-sdk/v3/oss/utils.go:89.74,91.35 2 1
github.com/aliyun/aliyun-oss-go-sdk/v3/oss/utils.go:97.2,97.19 1 1
github.com/aliyun/aliyun-oss-go-sdk/v3/oss/utils.go:105.2,105.68 1 0
github.com/aliyun/aliyun-oss-go-sdk/v3/oss/utils.go:91.35,92.18 1 1
github.com/aliyun/aliyun-oss-go-sdk/v3/oss/utils.go:95.3,95.19 1 1
github.com/aliyun/aliyun-oss-go-sdk/v3/oss/utils.go:92.18,94.4 1 1
github.com/aliyun/aliyun-oss-go-sdk/v3/oss/utils.go:97.19,99.24 2 1
github.com/aliyun/aliyun-oss-go-sdk/v3/oss/utils.go:99.24,100.64 1 1
github.com/aliyun/aliyun-oss-go-sdk/v3/oss/utils.go:100.64,102.5 1 1
github.com/aliyun/aliyun-oss-go-sdk/v3/oss/utils.go:108.66,112.35 3 1
github.com/aliyun/aliyun-oss-go-sdk/v3/oss/utils.go:119.2,119.20 1 1
github.com/aliyun/aliyun-oss-go-sdk/v3/oss/utils.go:156.2,156.12 1 1
github.com/aliyun/aliyun-oss-go-sdk/v3/oss/utils.go:112.35,113.18 1 1
github.com/aliyun/aliyun-oss-go-sdk/v3/oss/utils.go:116.3,116.19 1 1
github.com/aliyun/aliyun-oss-go-sdk/v3/oss/utils.go:113.18,115.4 1 1
github.com/aliyun/aliyun-oss-go-sdk/v3/oss/utils.go:120.23,120.23 0 0
github.com/aliyun/aliyun-oss-go-sdk/v3/oss/utils.go:121.10,122.69 1 0
github.com/aliyun/aliyun-oss-go-sdk/v3/oss/utils.go:123.78,124.20 1 1
github.com/aliyun/aliyun-oss-go-sdk/v3/oss/utils.go:128.3,129.17 2 1
github.com/aliyun/aliyun-oss-go-sdk/v3/oss/utils.go:132.3,132.19 1 1
github.com/aliyun/aliyun-oss-go-sdk/v3/oss/utils.go:133.100,134.20 1 0
github.com/aliyun/aliyun-oss-go-sdk/v3/oss/utils.go:138.3,139.17 2 0
github.com/aliyun/aliyun-oss-go-sdk/v3/oss/utils.go:142.3,142.20 1 0
github.com/aliyun/aliyun-oss-go-sdk/v3/oss/utils.go:143.20,144.20 1 1
github.com/aliyun/aliyun-oss-go-sdk/v3/oss/utils.go:148.3,149.17 2 1
github.com/aliyun/aliyun-oss-go-sdk/v3/oss/utils.go:152.3,152.21 1 1
github.com/aliyun/aliyun-oss-go-sdk/v3/oss/utils.go:153.22,154.29 1 1
github.com/aliyun/aliyun-oss-go-sdk/v3/oss/utils.go:124.20,127.4 2 0
github.com/aliyun/aliyun-oss-go-sdk/v3/oss/utils.go:129.17,131.4 1 0
github.com/aliyun/aliyun-oss-go-sdk/v3/oss/utils.go:134.20,137.4 2 0
github.com/aliyun/aliyun-oss-go-sdk/v3/oss/utils.go:139.17,141.4 1 0
github.com/aliyun/aliyun-oss-go-sdk/v3/oss/utils.go:144.20,147.4 2 0
github.com/aliyun/aliyun-oss-go-sdk/v3/oss/utils.go:149.17,151.4 1 0
github.com/aliyun/aliyun-oss-go-sdk/v3/oss/utils.go:159.81,162.35 2 1
github.com/aliyun/aliyun-oss-go-sdk/v3/oss/utils.go:169.2,169.20 1 1
github.com/aliyun/aliyun-oss-go-sdk/v3/oss/utils.go:181.2,181.12 1 1
github.com/aliyun/aliyun-oss-go-sdk/v3/oss/utils.go:162.35,163.18 1 0
github.com/aliyun/aliyun-oss-go-sdk/v3/oss/utils.go:166.3,166.19 1 0
github.com/aliyun/aliyun-oss-go-sdk/v3/oss/utils.go:163.18,165.4 1 0
github.com/aliyun/aliyun-oss-go-sdk/v3/oss/utils.go:170.23,170.23 0 0
github.com/aliyun/aliyun-oss-go-sdk/v3/oss/utils.go:171.10,172.69 1 0
github.com/aliyun/aliyun-oss-go-sdk/v3/oss/utils.go:173.19,174.18 1 1
github.com/aliyun/aliyun-oss-go-sdk/v3/oss/utils.go:177.3,179.36 3 1
github.com/aliyun/aliyun-oss-go-sdk/v3/oss/utils.go:174.18,176.4 1 1
github.com/aliyun/aliyun-oss-go-sdk/v3/oss/utils.go:184.32,187.2 1 1
github.com/aliyun/aliyun-oss-go-sdk/v3/oss/utils.go:189.60,190.40 1 1
github.com/aliyun/aliyun-oss-go-sdk/v3/oss/utils.go:196.2,196.14 1 1
github.com/aliyun/aliyun-oss-go-sdk/v3/oss/utils.go:190.40,191.19 1 0
github.com/aliyun/aliyun-oss-go-sdk/v3/oss/utils.go:194.3,194.14 1 0
github.com/aliyun/aliyun-oss-go-sdk/v3/oss/utils.go:191.19,193.4 1 0
github.com/aliyun/aliyun-oss-go-sdk/v3/oss/utils.go:199.72,201.16 2 1
github.com/aliyun/aliyun-oss-go-sdk/v3/oss/utils.go:205.2,206.16 2 1
github.com/aliyun/aliyun-oss-go-sdk/v3/oss/utils.go:210.2,211.16 2 1
github.com/aliyun/aliyun-oss-go-sdk/v3/oss/utils.go:215.2,215.15 1 1
github.com/aliyun/aliyun-oss-go-sdk/v3/oss/utils.go:201.16,203.3 1 0
github.com/aliyun/aliyun-oss-go-sdk/v3/oss/utils.go:206.16,208.3 1 0
github.com/aliyun/aliyun-oss-go-sdk/v3/oss/utils.go:211.16,213.3 1 0
github.com/aliyun/aliyun-oss-go-sdk/v3/oss/utils.go:218.78,220.2 1 0
github.com/aliyun/aliyun-oss-go-sdk/v3/oss/utils.go:222.78,225.29 3 1
github.com/aliyun/aliyun-oss-go-sdk/v3/oss/utils.go:232.2,233.28 2 1
github.com/aliyun/aliyun-oss-go-sdk/v3/oss/utils.go:237.2,237.48 1 1
github.com/aliyun/aliyun-oss-go-sdk/v3/oss/utils.go:242.2,243.14 2 1
github.com/aliyun/aliyun-oss-go-sdk/v3/oss/utils.go:246.2,247.16 2 1
github.com/aliyun/aliyun-oss-go-sdk/v3/oss/utils.go:250.2,254.15 3 1
github.com/aliyun/aliyun-oss-go-sdk/v3/oss/utils.go:257.2,258.16 2 1
github.com/aliyun/aliyun-oss-go-sdk/v3/oss/utils.go:261.2,263.21 2 1
github.com/aliyun/aliyun-oss-go-sdk/v3/oss/utils.go:225.29,227.70 2 1
github.com/aliyun/aliyun-oss-go-sdk/v3/oss/utils.go:227.70,229.4 1 1
github.com/aliyun/aliyun-oss-go-sdk/v3/oss/utils.go:233.28,235.3 1 1
github.com/aliyun/aliyun-oss-go-sdk/v3/oss/utils.go:237.48,239.3 1 1
github.com/aliyun/aliyun-oss-go-sdk/v3/oss/utils.go:243.14,245.3 1 0
github.com/aliyun/aliyun-oss-go-sdk/v3/oss/utils.go:247.16,249.3 1 1
github.com/aliyun/aliyun-oss-go-sdk/v3/oss/utils.go:254.15,256.3 1 1
github.com/aliyun/aliyun-oss-go-sdk/v3/oss/utils.go:258.16,260.3 1 1
github.com/aliyun/aliyun-oss-go-sdk/v3/oss/utils.go:266.33,267.11 1 1
github.com/aliyun/aliyun-oss-go-sdk/v3/oss/utils.go:267.11,269.3 1 1
github.com/aliyun/aliyun-oss-go-sdk/v3/oss/utils.go:269.8,271.3 1 1
github.com/aliyun/aliyun-oss-go-sdk/v3/oss/utils.go:274.33,275.11 1 1
github.com/aliyun/aliyun-oss-go-sdk/v3/oss/utils.go:275.11,277.3 1 1
github.com/aliyun/aliyun-oss-go-sdk/v3/oss/utils.go:277.8,279.3 1 1
github.com/aliyun/aliyun-oss-go-sdk/v3/oss/utils.go:284.81,285.37 1 1
github.com/aliyun/aliyun-oss-go-sdk/v3/oss/utils.go:289.2,290.15 2 1
github.com/aliyun/aliyun-oss-go-sdk/v3/oss/utils.go:294.2,295.14 2 1
github.com/aliyun/aliyun-oss-go-sdk/v3/oss/utils.go:299.2,299.18 1 1
github.com/aliyun/aliyun-oss-go-sdk/v3/oss/utils.go:304.2,305.16 2 1
github.com/aliyun/aliyun-oss-go-sdk/v3/oss/utils.go:308.2,312.16 3 1
github.com/aliyun/aliyun-oss-go-sdk/v3/oss/utils.go:315.2,319.17 3 1
github.com/aliyun/aliyun-oss-go-sdk/v3/oss/utils.go:329.2,329.29 1 1
github.com/aliyun/aliyun-oss-go-sdk/v3/oss/utils.go:285.37,287.3 1 1
github.com/aliyun/aliyun-oss-go-sdk/v3/oss/utils.go:290.15,292.3 1 0
github.com/aliyun/aliyun-oss-go-sdk/v3/oss/utils.go:295.14,297.3 1 1
github.com/aliyun/aliyun-oss-go-sdk/v3/oss/utils.go:299.18,301.3 1 0
github.com/aliyun/aliyun-oss-go-sdk/v3/oss/utils.go:305.16,307.3 1 0
github.com/aliyun/aliyun-oss-go-sdk/v3/oss/utils.go:312.16,314.3 1 0
github.com/aliyun/aliyun-oss-go-sdk/v3/oss/utils.go:319.17,321.3 1 1
github.com/aliyun/aliyun-oss-go-sdk/v3/oss/utils.go:321.8,323.17 2 1
github.com/aliyun/aliyun-oss-go-sdk/v3/oss/utils.go:326.3,326.14 1 1
github.com/aliyun/aliyun-oss-go-sdk/v3/oss/utils.go:323.17,325.4 1 0
github.com/aliyun/aliyun-oss-go-sdk/v3/oss/utils.go:334.53,336.37 2 1
github.com/aliyun/aliyun-oss-go-sdk/v3/oss/utils.go:339.2,340.34 2 1
github.com/aliyun/aliyun-oss-go-sdk/v3/oss/utils.go:343.2,344.14 2 1
github.com/aliyun/aliyun-oss-go-sdk/v3/oss/utils.go:347.2,349.17 3 1
github.com/aliyun/aliyun-oss-go-sdk/v3/oss/utils.go:355.2,355.15 1 1
github.com/aliyun/aliyun-oss-go-sdk/v3/oss/utils.go:362.2,362.16 1 1
github.com/aliyun/aliyun-oss-go-sdk/v3/oss/utils.go:336.37,338.3 1 1
github.com/aliyun/aliyun-oss-go-sdk/v3/oss/utils.go:340.34,342.3 1 0
github.com/aliyun/aliyun-oss-go-sdk/v3/oss/utils.go:344.14,346.3 1 0
github.com/aliyun/aliyun-oss-go-sdk/v3/oss/utils.go:349.17,351.33 2 1
github.com/aliyun/aliyun-oss-go-sdk/v3/oss/utils.go:351.33,353.4 1 0
github.com/aliyun/aliyun-oss-go-sdk/v3/oss/utils.go:355.15,357.26 2 1
github.com/aliyun/aliyun-oss-go-sdk/v3/oss/utils.go:360.3,360.29 1 1
github.com/aliyun/aliyun-oss-go-sdk/v3/oss/utils.go:357.26,359.4 1 0
github.com/aliyun/aliyun-oss-go-sdk/v3/oss/utils.go:366.39,368.24 2 1
github.com/aliyun/aliyun-oss-go-sdk/v3/oss/utils.go:371.2,371.22 1 1
github.com/aliyun/aliyun-oss-go-sdk/v3/oss/utils.go:368.24,370.3 1 1
github.com/aliyun/aliyun-oss-go-sdk/v3/oss/utils.go:375.33,377.24 2 1
github.com/aliyun/aliyun-oss-go-sdk/v3/oss/utils.go:380.2,380.21 1 1
github.com/aliyun/aliyun-oss-go-sdk/v3/oss/utils.go:377.24,379.3 1 1
github.com/aliyun/aliyun-oss-go-sdk/v3/oss/utils.go:384.38,387.2 2 0
github.com/aliyun/aliyun-oss-go-sdk/v3/oss/api_op_select_object.go:82.167,84.20 2 1
github.com/aliyun/aliyun-oss-go-sdk/v3/oss/api_op_select_object.go:87.2,96.92 2 1
github.com/aliyun/aliyun-oss-go-sdk/v3/oss/api_op_select_object.go:99.2,100.16 2 1
github.com/aliyun/aliyun-oss-go-sdk/v3/oss/api_op_select_object.go:103.2,104.94 2 1
github.com/aliyun/aliyun-oss-go-sdk/v3/oss/api_op_select_object.go:107.2,107.20 1 1
github.com/aliyun/aliyun-oss-go-sdk/v3/oss/api_op_select_object.go:84.20,86.3 1 0
github.com/aliyun/aliyun-oss-go-sdk/v3/oss/api_op_select_object.go:96.92,98.3 1 0
github.com/aliyun/aliyun-oss-go-sdk/v3/oss/api_op_select_object.go:100.16,102.3 1 1
github.com/aliyun/aliyun-oss-go-sdk/v3/oss/api_op_select_object.go:104.94,106.3 1 0
github.com/aliyun/aliyun-oss-go-sdk/v3/oss/api_op_select_object.go:110.67,113.74 3 1
github.com/aliyun/aliyun-oss-go-sdk/v3/oss/api_op_select_object.go:150.2,151.29 2 1
github.com/aliyun/aliyun-oss-go-sdk/v3/oss/api_op_select_object.go:154.2,155.12 2 1
github.com/aliyun/aliyun-oss-go-sdk/v3/oss/api_op_select_object.go:114.24,117.34 3 1
github.com/aliyun/aliyun-oss-go-sdk/v3/oss/api_op_select_object.go:124.3,124.33 1 1
github.com/aliyun/aliyun-oss-go-sdk/v3/oss/api_op_select_object.go:129.3,129.44 1 1
github.com/aliyun/aliyun-oss-go-sdk/v3/oss/api_op_select_object.go:130.23,134.34 4 1
github.com/aliyun/aliyun-oss-go-sdk/v3/oss/api_op_select_object.go:141.3,141.33 1 1
github.com/aliyun/aliyun-oss-go-sdk/v3/oss/api_op_select_object.go:146.3,146.43 1 1
github.com/aliyun/aliyun-oss-go-sdk/v3/oss/api_op_select_object.go:147.10,148.43 1 1
github.com/aliyun/aliyun-oss-go-sdk/v3/oss/api_op_select_object.go:117.34,119.18 2 1
github.com/aliyun/aliyun-oss-go-sdk/v3/oss/api_op_select_object.go:122.4,122.35 1 1
github.com/aliyun/aliyun-oss-go-sdk/v3/oss/api_op_select_object.go:119.18,121.5 1 0
github.com/aliyun/aliyun-oss-go-sdk/v3/oss/api_op_select_object.go:124.33,128.4 3 0
github.com/aliyun/aliyun-oss-go-sdk/v3/oss/api_op_select_object.go:134.34,136.18 2 1
github.com/aliyun/aliyun-oss-go-sdk/v3/oss/api_op_select_object.go:139.4,139.35 1 1
github.com/aliyun/aliyun-oss-go-sdk/v3/oss/api_op_select_object.go:136.18,138.5 1 0
github.com/aliyun/aliyun-oss-go-sdk/v3/oss/api_op_select_object.go:141.33,145.4 3 1
github.com/aliyun/aliyun-oss-go-sdk/v3/oss/api_op_select_object.go:151.29,153.3 1 1
github.com/aliyun/aliyun-oss-go-sdk/v3/oss/api_op_select_object.go:158.85,160.24 2 1
github.com/aliyun/aliyun-oss-go-sdk/v3/oss/api_op_select_object.go:176.2,176.12 1 1
github.com/aliyun/aliyun-oss-go-sdk/v3/oss/api_op_select_object.go:160.24,166.53 3 1
github.com/aliyun/aliyun-oss-go-sdk/v3/oss/api_op_select_object.go:169.3,174.75 6 1
github.com/aliyun/aliyun-oss-go-sdk/v3/oss/api_op_select_object.go:166.53,168.4 1 1
github.com/aliyun/aliyun-oss-go-sdk/v3/oss/api_op_select_object.go:248.53,249.31 1 0
github.com/aliyun/aliyun-oss-go-sdk/v3/oss/api_op_select_object.go:254.2,254.13 1 0
github.com/aliyun/aliyun-oss-go-sdk/v3/oss/api_op_select_object.go:249.31,250.32 1 0
github.com/aliyun/aliyun-oss-go-sdk/v3/oss/api_op_select_object.go:250.32,252.4 1 0
github.com/aliyun/aliyun-oss-go-sdk/v3/oss/api_op_select_object.go:258.137,260.20 2 1
github.com/aliyun/aliyun-oss-go-sdk/v3/oss/api_op_select_object.go:263.2,272.100 2 1
github.com/aliyun/aliyun-oss-go-sdk/v3/oss/api_op_select_object.go:275.2,276.16 2 1
github.com/aliyun/aliyun-oss-go-sdk/v3/oss/api_op_select_object.go:279.2,281.16 3 1
github.com/aliyun/aliyun-oss-go-sdk/v3/oss/api_op_select_object.go:284.2,284.57 1 1
github.com/aliyun/aliyun-oss-go-sdk/v3/oss/api_op_select_object.go:287.2,287.20 1 1
github.com/aliyun/aliyun-oss-go-sdk/v3/oss/api_op_select_object.go:260.20,262.3 1 0
github.com/aliyun/aliyun-oss-go-sdk/v3/oss/api_op_select_object.go:272.100,274.3 1 0
github.com/aliyun/aliyun-oss-go-sdk/v3/oss/api_op_select_object.go:276.16,278.3 1 1
github.com/aliyun/aliyun-oss-go-sdk/v3/oss/api_op_select_object.go:281.16,283.3 1 0
github.com/aliyun/aliyun-oss-go-sdk/v3/oss/api_op_select_object.go:284.57,286.3 1 0
github.com/aliyun/aliyun-oss-go-sdk/v3/oss/api_op_select_object.go:290.75,292.57 2 1
github.com/aliyun/aliyun-oss-go-sdk/v3/oss/api_op_select_object.go:300.2,300.29 1 1
github.com/aliyun/aliyun-oss-go-sdk/v3/oss/api_op_select_object.go:303.2,305.16 3 1
github.com/aliyun/aliyun-oss-go-sdk/v3/oss/api_op_select_object.go:308.2,309.12 2 1
github.com/aliyun/aliyun-oss-go-sdk/v3/oss/api_op_select_object.go:292.57,293.97 1 1
github.com/aliyun/aliyun-oss-go-sdk/v3/oss/api_op_select_object.go:298.3,298.62 1 1
github.com/aliyun/aliyun-oss-go-sdk/v3/oss/api_op_select_object.go:293.97,295.4 1 1
github.com/aliyun/aliyun-oss-go-sdk/v3/oss/api_op_select_object.go:295.9,297.4 1 1
github.com/aliyun/aliyun-oss-go-sdk/v3/oss/api_op_select_object.go:300.29,302.3 1 1
github.com/aliyun/aliyun-oss-go-sdk/v3/oss/api_op_select_object.go:305.16,307.3 1 0
github.com/aliyun/aliyun-oss-go-sdk/v3/oss/api_op_select_object.go:312.123,314.24 2 1
github.com/aliyun/aliyun-oss-go-sdk/v3/oss/api_op_select_object.go:325.2,325.12 1 1
github.com/aliyun/aliyun-oss-go-sdk/v3/oss/api_op_select_object.go:314.24,319.155 2 1
github.com/aliyun/aliyun-oss-go-sdk/v3/oss/api_op_select_object.go:322.3,323.30 2 1
github.com/aliyun/aliyun-oss-go-sdk/v3/oss/api_op_select_object.go:319.155,321.4 1 1
github.com/aliyun/aliyun-oss-go-sdk/v3/oss/api_op_select_object.go:382.60,385.2 2 1
github.com/aliyun/aliyun-oss-go-sdk/v3/oss/api_op_select_object.go:388.40,390.2 1 0
github.com/aliyun/aliyun-oss-go-sdk/v3/oss/api_op_select_object.go:393.60,397.30 4 1
github.com/aliyun/aliyun-oss-go-sdk/v3/oss/api_op_select_object.go:402.2,402.15 1 1
github.com/aliyun/aliyun-oss-go-sdk/v3/oss/api_op_select_object.go:406.2,406.6 1 1
github.com/aliyun/aliyun-oss-go-sdk/v3/oss/api_op_select_object.go:397.30,400.3 2 1
github.com/aliyun/aliyun-oss-go-sdk/v3/oss/api_op_select_object.go:402.15,404.3 1 1
github.com/aliyun/aliyun-oss-go-sdk/v3/oss/api_op_select_object.go:406.6,408.26 1 1
github.com/aliyun/aliyun-oss-go-sdk/v3/oss/api_op_select_object.go:415.3,415.36 1 1
github.com/aliyun/aliyun-oss-go-sdk/v3/oss/api_op_select_object.go:408.26,410.18 2 1
github.com/aliyun/aliyun-oss-go-sdk/v3/oss/api_op_select_object.go:410.18,412.5 1 1
github.com/aliyun/aliyun-oss-go-sdk/v3/oss/api_op_select_object.go:415.36,417.18 2 1
github.com/aliyun/aliyun-oss-go-sdk/v3/oss/api_op_select_object.go:420.4,423.52 2 1
github.com/aliyun/aliyun-oss-go-sdk/v3/oss/api_op_select_object.go:431.4,431.20 1 1
github.com/aliyun/aliyun-oss-go-sdk/v3/oss/api_op_select_object.go:417.18,419.5 1 0
github.com/aliyun/aliyun-oss-go-sdk/v3/oss/api_op_select_object.go:423.52,425.34 2 1
github.com/aliyun/aliyun-oss-go-sdk/v3/oss/api_op_select_object.go:428.5,428.20 1 1
github.com/aliyun/aliyun-oss-go-sdk/v3/oss/api_op_select_object.go:425.34,427.6 1 0
github.com/aliyun/aliyun-oss-go-sdk/v3/oss/api_op_select_object.go:431.20,433.5 1 1
github.com/aliyun/aliyun-oss-go-sdk/v3/oss/api_op_select_object.go:434.9,434.49 1 1
github.com/aliyun/aliyun-oss-go-sdk/v3/oss/api_op_select_object.go:434.49,436.33 2 0
github.com/aliyun/aliyun-oss-go-sdk/v3/oss/api_op_select_object.go:439.4,439.23 1 0
github.com/aliyun/aliyun-oss-go-sdk/v3/oss/api_op_select_object.go:436.33,438.5 1 0
github.com/aliyun/aliyun-oss-go-sdk/v3/oss/api_op_select_object.go:440.9,440.42 1 1
github.com/aliyun/aliyun-oss-go-sdk/v3/oss/api_op_select_object.go:440.42,442.18 2 1
github.com/aliyun/aliyun-oss-go-sdk/v3/oss/api_op_select_object.go:445.4,446.18 2 1
github.com/aliyun/aliyun-oss-go-sdk/v3/oss/api_op_select_object.go:449.4,449.18 1 1
github.com/aliyun/aliyun-oss-go-sdk/v3/oss/api_op_select_object.go:442.18,444.5 1 0
github.com/aliyun/aliyun-oss-go-sdk/v3/oss/api_op_select_object.go:446.18,448.5 1 1
github.com/aliyun/aliyun-oss-go-sdk/v3/oss/api_op_select_object.go:450.9,450.49 1 1
github.com/aliyun/aliyun-oss-go-sdk/v3/oss/api_op_select_object.go:450.49,452.18 2 1
github.com/aliyun/aliyun-oss-go-sdk/v3/oss/api_op_select_object.go:455.4,456.18 2 1
github.com/aliyun/aliyun-oss-go-sdk/v3/oss/api_op_select_object.go:459.4,459.18 1 1
github.com/aliyun/aliyun-oss-go-sdk/v3/oss/api_op_select_object.go:452.18,454.5 1 0
github.com/aliyun/aliyun-oss-go-sdk/v3/oss/api_op_select_object.go:456.18,458.5 1 1
github.com/aliyun/aliyun-oss-go-sdk/v3/oss/api_op_select_object.go:460.9,460.50 1 1
github.com/aliyun/aliyun-oss-go-sdk/v3/oss/api_op_select_object.go:460.50,462.18 2 1
github.com/aliyun/aliyun-oss-go-sdk/v3/oss/api_op_select_object.go:465.4,466.18 2 1
github.com/aliyun/aliyun-oss-go-sdk/v3/oss/api_op_select_object.go:469.4,469.18 1 1
github.com/aliyun/aliyun-oss-go-sdk/v3/oss/api_op_select_object.go:462.18,464.5 1 0
github.com/aliyun/aliyun-oss-go-sdk/v3/oss/api_op_select_object.go:466.18,468.5 1 1
github.com/aliyun/aliyun-oss-go-sdk/v3/oss/api_op_select_object.go:479.57,483.20 4 1
github.com/aliyun/aliyun-oss-go-sdk/v3/oss/api_op_select_object.go:503.2,503.9 1 1
github.com/aliyun/aliyun-oss-go-sdk/v3/oss/api_op_select_object.go:483.20,487.7 4 1
github.com/aliyun/aliyun-oss-go-sdk/v3/oss/api_op_select_object.go:500.3,500.17 1 1
github.com/aliyun/aliyun-oss-go-sdk/v3/oss/api_op_select_object.go:487.7,490.18 3 1
github.com/aliyun/aliyun-oss-go-sdk/v3/oss/api_op_select_object.go:496.4,496.42 1 1
github.com/aliyun/aliyun-oss-go-sdk/v3/oss/api_op_select_object.go:490.18,494.5 3 1
github.com/aliyun/aliyun-oss-go-sdk/v3/oss/api_op_select_object.go:496.42,497.10 1 1
github.com/aliyun/aliyun-oss-go-sdk/v3/oss/api_op_select_object.go:504.22,505.36 1 1
github.com/aliyun/aliyun-oss-go-sdk/v3/oss/api_op_select_object.go:510.49,513.16 3 1
github.com/aliyun/aliyun-oss-go-sdk/v3/oss/api_op_select_object.go:517.2,523.111 5 1
github.com/aliyun/aliyun-oss-go-sdk/v3/oss/api_op_select_object.go:527.2,535.12 9 1
github.com/aliyun/aliyun-oss-go-sdk/v3/oss/api_op_select_object.go:513.16,515.3 1 0
github.com/aliyun/aliyun-oss-go-sdk/v3/oss/api_op_select_object.go:523.111,525.3 1 1
github.com/aliyun/aliyun-oss-go-sdk/v3/oss/api_op_select_object.go:539.62,543.28 4 1
github.com/aliyun/aliyun-oss-go-sdk/v3/oss/api_op_select_object.go:548.2,549.16 2 1
github.com/aliyun/aliyun-oss-go-sdk/v3/oss/api_op_select_object.go:552.2,554.15 3 1
github.com/aliyun/aliyun-oss-go-sdk/v3/oss/api_op_select_object.go:543.28,545.3 1 1
github.com/aliyun/aliyun-oss-go-sdk/v3/oss/api_op_select_object.go:545.8,547.3 1 1
github.com/aliyun/aliyun-oss-go-sdk/v3/oss/api_op_select_object.go:549.16,551.3 1 0
github.com/aliyun/aliyun-oss-go-sdk/v3/oss/api_op_select_object.go:558.51,561.16 3 1
github.com/aliyun/aliyun-oss-go-sdk/v3/oss/api_op_select_object.go:564.2,569.12 6 1
github.com/aliyun/aliyun-oss-go-sdk/v3/oss/api_op_select_object.go:561.16,563.3 1 0
github.com/aliyun/aliyun-oss-go-sdk/v3/oss/api_op_select_object.go:573.58,576.16 3 1
github.com/aliyun/aliyun-oss-go-sdk/v3/oss/api_op_select_object.go:580.2,588.12 9 1
github.com/aliyun/aliyun-oss-go-sdk/v3/oss/api_op_select_object.go:576.16,578.3 1 0
github.com/aliyun/aliyun-oss-go-sdk/v3/oss/api_op_select_object.go:592.59,595.16 3 1
github.com/aliyun/aliyun-oss-go-sdk/v3/oss/api_op_select_object.go:599.2,606.12 8 1
github.com/aliyun/aliyun-oss-go-sdk/v3/oss/api_op_select_object.go:595.16,597.3 1 0
github.com/aliyun/aliyun-oss-go-sdk/v3/oss/api_op_select_object.go:609.58,612.12 3 1
github.com/aliyun/aliyun-oss-go-sdk/v3/oss/api_op_select_object.go:621.2,621.65 1 0
github.com/aliyun/aliyun-oss-go-sdk/v3/oss/api_op_select_object.go:612.12,616.93 4 1
github.com/aliyun/aliyun-oss-go-sdk/v3/oss/api_op_select_object.go:619.3,619.19 1 1
github.com/aliyun/aliyun-oss-go-sdk/v3/oss/api_op_select_object.go:616.93,618.4 1 0
github.com/aliyun/aliyun-oss-go-sdk/v3/oss/api_op_select_object.go:624.65,626.33 2 1
github.com/aliyun/aliyun-oss-go-sdk/v3/oss/api_op_select_object.go:629.2,629.12 1 1
github.com/aliyun/aliyun-oss-go-sdk/v3/oss/api_op_select_object.go:626.33,628.3 1 1
github.com/aliyun/aliyun-oss-go-sdk/v3/oss/api_op_select_object.go:633.39,655.2 17 1
github.com/aliyun/aliyun-oss-go-sdk/v3/oss/api_op_select_object.go:658.44,661.2 2 1
github.com/aliyun/aliyun-oss-go-sdk/v3/oss/api_op_select_object.go:664.52,665.22 1 1
github.com/aliyun/aliyun-oss-go-sdk/v3/oss/api_op_select_object.go:668.2,668.33 1 1
github.com/aliyun/aliyun-oss-go-sdk/v3/oss/api_op_select_object.go:671.2,671.63 1 1
github.com/aliyun/aliyun-oss-go-sdk/v3/oss/api_op_select_object.go:674.2,674.79 1 1
github.com/aliyun/aliyun-oss-go-sdk/v3/oss/api_op_select_object.go:678.2,678.67 1 1
github.com/aliyun/aliyun-oss-go-sdk/v3/oss/api_op_select_object.go:681.2,681.142 1 1
github.com/aliyun/aliyun-oss-go-sdk/v3/oss/api_op_select_object.go:665.22,667.3 1 0
github.com/aliyun/aliyun-oss-go-sdk/v3/oss/api_op_select_object.go:668.33,670.3 1 1
github.com/aliyun/aliyun-oss-go-sdk/v3/oss/api_op_select_object.go:671.63,673.3 1 0
github.com/aliyun/aliyun-oss-go-sdk/v3/oss/api_op_select_object.go:674.79,677.3 1 1
github.com/aliyun/aliyun-oss-go-sdk/v3/oss/api_op_select_object.go:678.67,680.3 1 1
github.com/aliyun/aliyun-oss-go-sdk/v3/oss/api_op_select_object.go:681.142,684.3 2 1
github.com/aliyun/aliyun-oss-go-sdk/v3/oss/api_op_select_object.go:688.44,689.51 1 1
github.com/aliyun/aliyun-oss-go-sdk/v3/oss/api_op_select_object.go:692.2,692.56 1 1
github.com/aliyun/aliyun-oss-go-sdk/v3/oss/api_op_select_object.go:696.2,696.55 1 1
github.com/aliyun/aliyun-oss-go-sdk/v3/oss/api_op_select_object.go:701.2,701.55 1 1
github.com/aliyun/aliyun-oss-go-sdk/v3/oss/api_op_select_object.go:689.51,691.3 1 1
github.com/aliyun/aliyun-oss-go-sdk/v3/oss/api_op_select_object.go:692.56,695.3 1 1
github.com/aliyun/aliyun-oss-go-sdk/v3/oss/api_op_select_object.go:696.55,699.3 1 1
github.com/aliyun/aliyun-oss-go-sdk/v3/oss/api_op_select_object.go:701.55,704.3 1 1
github.com/aliyun/aliyun-oss-go-sdk/v3/oss/api_op_select_object.go:707.48,708.61 1 1
github.com/aliyun/aliyun-oss-go-sdk/v3/oss/api_op_select_object.go:708.61,710.3 1 1
github.com/aliyun/aliyun-oss-go-sdk/v3/oss/api_op_select_object.go:710.8,712.3 1 1
github.com/aliyun/aliyun-oss-go-sdk/v3/oss/api_op_select_object.go:716.51,717.22 1 1
github.com/aliyun/aliyun-oss-go-sdk/v3/oss/api_op_select_object.go:720.2,720.33 1 1
github.com/aliyun/aliyun-oss-go-sdk/v3/oss/api_op_select_object.go:723.2,723.60 1 1
github.com/aliyun/aliyun-oss-go-sdk/v3/oss/api_op_select_object.go:726.2,726.76 1 1
github.com/aliyun/aliyun-oss-go-sdk/v3/oss/api_op_select_object.go:730.2,730.75 1 1
github.com/aliyun/aliyun-oss-go-sdk/v3/oss/api_op_select_object.go:734.2,734.75 1 1
github.com/aliyun/aliyun-oss-go-sdk/v3/oss/api_op_select_object.go:738.2,738.77 1 1
github.com/aliyun/aliyun-oss-go-sdk/v3/oss/api_op_select_object.go:742.2,742.130 1 1
github.com/aliyun/aliyun-oss-go-sdk/v3/oss/api_op_select_object.go:745.2,745.140 1 1
github.com/aliyun/aliyun-oss-go-sdk/v3/oss/api_op_select_object.go:717.22,719.3 1 0
github.com/aliyun/aliyun-oss-go-sdk/v3/oss/api_op_select_object.go:720.33,722.3 1 1
github.com/aliyun/aliyun-oss-go-sdk/v3/oss/api_op_select_object.go:723.60,725.3 1 1
github.com/aliyun/aliyun-oss-go-sdk/v3/oss/api_op_select_object.go:726.76,729.3 1 1
github.com/aliyun/aliyun-oss-go-sdk/v3/oss/api_op_select_object.go:730.75,733.3 1 1
github.com/aliyun/aliyun-oss-go-sdk/v3/oss/api_op_select_object.go:734.75,737.3 1 1
github.com/aliyun/aliyun-oss-go-sdk/v3/oss/api_op_select_object.go:738.77,741.3 1 1
github.com/aliyun/aliyun-oss-go-sdk/v3/oss/api_op_select_object.go:742.130,744.3 1 1
github.com/aliyun/aliyun-oss-go-sdk/v3/oss/api_op_select_object.go:745.140,748.3 2 1
github.com/aliyun/aliyun-oss-go-sdk/v3/oss/client_extension.go:61.74,68.28 2 1
github.com/aliyun/aliyun-oss-go-sdk/v3/oss/client_extension.go:72.2,77.10 2 1
github.com/aliyun/aliyun-oss-go-sdk/v3/oss/client_extension.go:68.28,70.3 1 1
github.com/aliyun/aliyun-oss-go-sdk/v3/oss/client_extension.go:166.38,168.18 2 0
github.com/aliyun/aliyun-oss-go-sdk/v3/oss/client_extension.go:171.2,171.73 1 0
github.com/aliyun/aliyun-oss-go-sdk/v3/oss/client_extension.go:168.18,170.3 1 0
github.com/aliyun/aliyun-oss-go-sdk/v3/oss/client_extension.go:174.38,176.2 1 1
github.com/aliyun/aliyun-oss-go-sdk/v3/oss/client_extension.go:178.149,181.16 2 1
github.com/aliyun/aliyun-oss-go-sdk/v3/oss/client_extension.go:185.2,186.46 2 1
github.com/aliyun/aliyun-oss-go-sdk/v3/oss/client_extension.go:190.2,190.26 1 1
github.com/aliyun/aliyun-oss-go-sdk/v3/oss/client_extension.go:181.16,183.3 1 1
github.com/aliyun/aliyun-oss-go-sdk/v3/oss/client_extension.go:186.46,188.3 1 1
github.com/aliyun/aliyun-oss-go-sdk/v3/oss/client_extension.go:193.150,196.16 2 1
github.com/aliyun/aliyun-oss-go-sdk/v3/oss/client_extension.go:201.2,201.54 1 1
github.com/aliyun/aliyun-oss-go-sdk/v3/oss/client_extension.go:205.2,206.51 2 1
github.com/aliyun/aliyun-oss-go-sdk/v3/oss/client_extension.go:209.2,211.46 2 1
github.com/aliyun/aliyun-oss-go-sdk/v3/oss/client_extension.go:215.2,215.50 1 1
github.com/aliyun/aliyun-oss-go-sdk/v3/oss/client_extension.go:219.2,219.47 1 1
github.com/aliyun/aliyun-oss-go-sdk/v3/oss/client_extension.go:223.2,225.48 2 1
github.com/aliyun/aliyun-oss-go-sdk/v3/oss/client_extension.go:196.16,198.3 1 1
github.com/aliyun/aliyun-oss-go-sdk/v3/oss/client_extension.go:201.54,203.3 1 1
github.com/aliyun/aliyun-oss-go-sdk/v3/oss/client_extension.go:206.51,208.3 1 0
github.com/aliyun/aliyun-oss-go-sdk/v3/oss/client_extension.go:211.46,213.3 1 0
github.com/aliyun/aliyun-oss-go-sdk/v3/oss/client_extension.go:215.50,217.3 1 0
github.com/aliyun/aliyun-oss-go-sdk/v3/oss/client_extension.go:219.47,221.3 1 0
github.com/aliyun/aliyun-oss-go-sdk/v3/oss/client_extension.go:251.138,252.20 1 1
github.com/aliyun/aliyun-oss-go-sdk/v3/oss/client_extension.go:256.2,256.27 1 1
github.com/aliyun/aliyun-oss-go-sdk/v3/oss/client_extension.go:260.2,260.24 1 1
github.com/aliyun/aliyun-oss-go-sdk/v3/oss/client_extension.go:264.2,271.29 2 1
github.com/aliyun/aliyun-oss-go-sdk/v3/oss/client_extension.go:275.2,275.32 1 1
github.com/aliyun/aliyun-oss-go-sdk/v3/oss/client_extension.go:278.2,278.29 1 1
github.com/aliyun/aliyun-oss-go-sdk/v3/oss/client_extension.go:282.2,282.16 1 1
github.com/aliyun/aliyun-oss-go-sdk/v3/oss/client_extension.go:252.20,254.3 1 1
github.com/aliyun/aliyun-oss-go-sdk/v3/oss/client_extension.go:256.27,258.3 1 1
github.com/aliyun/aliyun-oss-go-sdk/v3/oss/client_extension.go:260.24,262.3 1 1
github.com/aliyun/aliyun-oss-go-sdk/v3/oss/client_extension.go:271.29,273.3 1 1
github.com/aliyun/aliyun-oss-go-sdk/v3/oss/client_extension.go:275.32,277.3 1 1
github.com/aliyun/aliyun-oss-go-sdk/v3/oss/client_extension.go:278.29,280.3 1 1
github.com/aliyun/aliyun-oss-go-sdk/v3/oss/client_extension.go:285.63,286.20 1 1
github.com/aliyun/aliyun-oss-go-sdk/v3/oss/client_extension.go:290.2,290.27 1 1
github.com/aliyun/aliyun-oss-go-sdk/v3/oss/client_extension.go:294.2,295.16 2 1
github.com/aliyun/aliyun-oss-go-sdk/v3/oss/client_extension.go:299.2,302.12 3 1
github.com/aliyun/aliyun-oss-go-sdk/v3/oss/client_extension.go:286.20,288.3 1 0
github.com/aliyun/aliyun-oss-go-sdk/v3/oss/client_extension.go:290.27,292.3 1 1
github.com/aliyun/aliyun-oss-go-sdk/v3/oss/client_extension.go:295.16,297.3 1 0
github.com/aliyun/aliyun-oss-go-sdk/v3/oss/client_extension.go:305.48,306.19 1 1
github.com/aliyun/aliyun-oss-go-sdk/v3/oss/client_extension.go:310.2,314.19 3 1
github.com/aliyun/aliyun-oss-go-sdk/v3/oss/client_extension.go:320.2,323.12 3 1
github.com/aliyun/aliyun-oss-go-sdk/v3/oss/client_extension.go:306.19,308.3 1 1
github.com/aliyun/aliyun-oss-go-sdk/v3/oss/client_extension.go:314.19,315.51 1 1
github.com/aliyun/aliyun-oss-go-sdk/v3/oss/client_extension.go:315.51,317.4 1 1
github.com/aliyun/aliyun-oss-go-sdk/v3/oss/client_extension.go:326.49,328.22 1 1
github.com/aliyun/aliyun-oss-go-sdk/v3/oss/client_extension.go:373.2,373.12 1 1
github.com/aliyun/aliyun-oss-go-sdk/v3/oss/client_extension.go:328.22,332.10 2 1
github.com/aliyun/aliyun-oss-go-sdk/v3/oss/client_extension.go:338.3,349.27 3 1
github.com/aliyun/aliyun-oss-go-sdk/v3/oss/client_extension.go:364.3,366.60 3 1
github.com/aliyun/aliyun-oss-go-sdk/v3/oss/client_extension.go:370.3,371.26 2 1
github.com/aliyun/aliyun-oss-go-sdk/v3/oss/client_extension.go:332.10,335.4 2 0
github.com/aliyun/aliyun-oss-go-sdk/v3/oss/client_extension.go:349.27,351.18 2 1
github.com/aliyun/aliyun-oss-go-sdk/v3/oss/client_extension.go:355.4,355.33 1 1
github.com/aliyun/aliyun-oss-go-sdk/v3/oss/client_extension.go:351.18,354.5 2 1
github.com/aliyun/aliyun-oss-go-sdk/v3/oss/client_extension.go:355.33,357.35 1 1
github.com/aliyun/aliyun-oss-go-sdk/v3/oss/client_extension.go:360.5,360.22 1 1
github.com/aliyun/aliyun-oss-go-sdk/v3/oss/client_extension.go:357.35,358.21 1 1
github.com/aliyun/aliyun-oss-go-sdk/v3/oss/client_extension.go:366.60,369.4 2 0
github.com/aliyun/aliyun-oss-go-sdk/v3/oss/client_extension.go:376.52,377.32 1 1
github.com/aliyun/aliyun-oss-go-sdk/v3/oss/client_extension.go:388.2,388.12 1 1
github.com/aliyun/aliyun-oss-go-sdk/v3/oss/client_extension.go:377.32,379.45 2 1
github.com/aliyun/aliyun-oss-go-sdk/v3/oss/client_extension.go:383.3,383.26 1 1
github.com/aliyun/aliyun-oss-go-sdk/v3/oss/client_extension.go:386.3,386.37 1 1
github.com/aliyun/aliyun-oss-go-sdk/v3/oss/client_extension.go:379.45,381.4 1 0
github.com/aliyun/aliyun-oss-go-sdk/v3/oss/client_extension.go:383.26,385.4 1 1
github.com/aliyun/aliyun-oss-go-sdk/v3/oss/client_extension.go:391.59,393.16 2 1
github.com/aliyun/aliyun-oss-go-sdk/v3/oss/client_extension.go:397.2,398.18 2 1
github.com/aliyun/aliyun-oss-go-sdk/v3/oss/client_extension.go:393.16,395.3 1 0
github.com/aliyun/aliyun-oss-go-sdk/v3/oss/client_extension.go:401.72,402.17 1 1
github.com/aliyun/aliyun-oss-go-sdk/v3/oss/client_extension.go:406.2,406.39 1 1
github.com/aliyun/aliyun-oss-go-sdk/v3/oss/client_extension.go:410.2,413.12 3 1
github.com/aliyun/aliyun-oss-go-sdk/v3/oss/client_extension.go:402.17,404.3 1 1
github.com/aliyun/aliyun-oss-go-sdk/v3/oss/client_extension.go:406.39,408.3 1 1
github.com/aliyun/aliyun-oss-go-sdk/v3/oss/client_extension.go:416.60,417.58 1 1
github.com/aliyun/aliyun-oss-go-sdk/v3/oss/client_extension.go:420.2,420.22 1 1
github.com/aliyun/aliyun-oss-go-sdk/v3/oss/client_extension.go:417.58,419.3 1 1
github.com/aliyun/aliyun-oss-go-sdk/v3/oss/client_extension.go:423.64,427.32 4 1
github.com/aliyun/aliyun-oss-go-sdk/v3/oss/client_extension.go:431.2,433.16 2 1
github.com/aliyun/aliyun-oss-go-sdk/v3/oss/client_extension.go:437.2,442.8 1 1
github.com/aliyun/aliyun-oss-go-sdk/v3/oss/client_extension.go:427.32,429.3 1 1
github.com/aliyun/aliyun-oss-go-sdk/v3/oss/client_extension.go:433.16,435.3 1 1
github.com/aliyun/aliyun-oss-go-sdk/v3/oss/client_extension.go:445.77,450.28 2 1
github.com/aliyun/aliyun-oss-go-sdk/v3/oss/client_extension.go:451.22,455.23 3 1
github.com/aliyun/aliyun-oss-go-sdk/v3/oss/client_extension.go:463.3,464.21 2 1
github.com/aliyun/aliyun-oss-go-sdk/v3/oss/client_extension.go:466.3,468.38 2 1
github.com/aliyun/aliyun-oss-go-sdk/v3/oss/client_extension.go:470.10,471.24 1 1
github.com/aliyun/aliyun-oss-go-sdk/v3/oss/client_extension.go:476.3,477.17 2 1
github.com/aliyun/aliyun-oss-go-sdk/v3/oss/client_extension.go:481.3,484.21 3 1
github.com/aliyun/aliyun-oss-go-sdk/v3/oss/client_extension.go:488.3,488.56 1 1
github.com/aliyun/aliyun-oss-go-sdk/v3/oss/client_extension.go:455.23,457.39 2 1
github.com/aliyun/aliyun-oss-go-sdk/v3/oss/client_extension.go:457.39,460.5 2 1
github.com/aliyun/aliyun-oss-go-sdk/v3/oss/client_extension.go:464.22,464.23 0 1
github.com/aliyun/aliyun-oss-go-sdk/v3/oss/client_extension.go:471.24,474.4 2 1
github.com/aliyun/aliyun-oss-go-sdk/v3/oss/client_extension.go:477.17,478.26 1 0
github.com/aliyun/aliyun-oss-go-sdk/v3/oss/client_extension.go:478.27,478.28 0 0
github.com/aliyun/aliyun-oss-go-sdk/v3/oss/client_extension.go:484.21,486.4 1 1
github.com/aliyun/aliyun-oss-go-sdk/v3/oss/client_extension.go:498.63,499.20 1 1
github.com/aliyun/aliyun-oss-go-sdk/v3/oss/client_extension.go:504.2,515.16 4 1
github.com/aliyun/aliyun-oss-go-sdk/v3/oss/client_extension.go:521.2,521.25 1 1
github.com/aliyun/aliyun-oss-go-sdk/v3/oss/client_extension.go:526.2,526.29 1 1
github.com/aliyun/aliyun-oss-go-sdk/v3/oss/client_extension.go:530.2,530.27 1 1
github.com/aliyun/aliyun-oss-go-sdk/v3/oss/client_extension.go:540.2,540.45 1 1
github.com/aliyun/aliyun-oss-go-sdk/v3/oss/client_extension.go:572.2,573.45 2 1
github.com/aliyun/aliyun-oss-go-sdk/v3/oss/client_extension.go:579.2,583.39 2 1
github.com/aliyun/aliyun-oss-go-sdk/v3/oss/client_extension.go:604.2,609.34 4 1
github.com/aliyun/aliyun-oss-go-sdk/v3/oss/client_extension.go:619.2,619.16 1 1
github.com/aliyun/aliyun-oss-go-sdk/v3/oss/client_extension.go:630.2,636.8 1 1
github.com/aliyun/aliyun-oss-go-sdk/v3/oss/client_extension.go:499.20,500.24 1 1
github.com/aliyun/aliyun-oss-go-sdk/v3/oss/client_extension.go:500.24,502.4 1 1
github.com/aliyun/aliyun-oss-go-sdk/v3/oss/client_extension.go:515.16,517.3 1 1
github.com/aliyun/aliyun-oss-go-sdk/v3/oss/client_extension.go:521.25,524.3 2 1
github.com/aliyun/aliyun-oss-go-sdk/v3/oss/client_extension.go:526.29,528.3 1 1
github.com/aliyun/aliyun-oss-go-sdk/v3/oss/client_extension.go:530.27,532.15 2 1
github.com/aliyun/aliyun-oss-go-sdk/v3/oss/client_extension.go:535.3,536.11 2 1
github.com/aliyun/aliyun-oss-go-sdk/v3/oss/client_extension.go:532.15,534.4 1 1
github.com/aliyun/aliyun-oss-go-sdk/v3/oss/client_extension.go:540.45,542.7 2 1
github.com/aliyun/aliyun-oss-go-sdk/v3/oss/client_extension.go:542.7,544.11 2 1
github.com/aliyun/aliyun-oss-go-sdk/v3/oss/client_extension.go:548.4,548.25 1 1
github.com/aliyun/aliyun-oss-go-sdk/v3/oss/client_extension.go:568.4,568.18 1 1
github.com/aliyun/aliyun-oss-go-sdk/v3/oss/client_extension.go:544.11,545.10 1 1
github.com/aliyun/aliyun-oss-go-sdk/v3/oss/client_extension.go:548.25,560.19 2 1
github.com/aliyun/aliyun-oss-go-sdk/v3/oss/client_extension.go:560.19,564.6 3 1
github.com/aliyun/aliyun-oss-go-sdk/v3/oss/client_extension.go:564.11,566.6 1 1
github.com/aliyun/aliyun-oss-go-sdk/v3/oss/client_extension.go:573.45,576.3 2 1
github.com/aliyun/aliyun-oss-go-sdk/v3/oss/client_extension.go:583.39,593.22 3 1
github.com/aliyun/aliyun-oss-go-sdk/v3/oss/client_extension.go:598.3,600.69 2 1
github.com/aliyun/aliyun-oss-go-sdk/v3/oss/client_extension.go:593.22,596.9 3 0
github.com/aliyun/aliyun-oss-go-sdk/v3/oss/client_extension.go:609.34,616.3 6 1
github.com/aliyun/aliyun-oss-go-sdk/v3/oss/client_extension.go:619.16,621.35 1 1
github.com/aliyun/aliyun-oss-go-sdk/v3/oss/client_extension.go:627.3,627.39 1 1
github.com/aliyun/aliyun-oss-go-sdk/v3/oss/client_extension.go:621.35,626.4 4 1
github.com/aliyun/aliyun-oss-go-sdk/v3/oss/client_extension.go:639.87,640.22 1 1
github.com/aliyun/aliyun-oss-go-sdk/v3/oss/client_extension.go:645.2,647.32 3 1
github.com/aliyun/aliyun-oss-go-sdk/v3/oss/client_extension.go:651.2,652.16 2 1
github.com/aliyun/aliyun-oss-go-sdk/v3/oss/client_extension.go:656.2,656.33 1 1
github.com/aliyun/aliyun-oss-go-sdk/v3/oss/client_extension.go:640.22,642.3 1 1
github.com/aliyun/aliyun-oss-go-sdk/v3/oss/client_extension.go:647.32,649.3 1 1
github.com/aliyun/aliyun-oss-go-sdk/v3/oss/client_extension.go:652.16,654.3 1 1
github.com/aliyun/aliyun-oss-go-sdk/v3/oss/client_extension.go:659.53,660.22 1 1
github.com/aliyun/aliyun-oss-go-sdk/v3/oss/client_extension.go:665.2,665.12 1 1
github.com/aliyun/aliyun-oss-go-sdk/v3/oss/client_extension.go:660.22,661.68 1 1
github.com/aliyun/aliyun-oss-go-sdk/v3/oss/client_extension.go:661.68,663.4 1 1
github.com/aliyun/aliyun-oss-go-sdk/v3/oss/client_extension.go:668.70,673.2 1 1
github.com/aliyun/aliyun-oss-go-sdk/v3/oss/client_extension.go:694.80,701.28 2 1
github.com/aliyun/aliyun-oss-go-sdk/v3/oss/client_extension.go:705.2,710.10 2 1
github.com/aliyun/aliyun-oss-go-sdk/v3/oss/client_extension.go:701.28,703.3 1 1
github.com/aliyun/aliyun-oss-go-sdk/v3/oss/client_extension.go:780.40,782.18 2 1
github.com/aliyun/aliyun-oss-go-sdk/v3/oss/client_extension.go:785.2,785.50 1 1
github.com/aliyun/aliyun-oss-go-sdk/v3/oss/client_extension.go:782.18,784.3 1 1
github.com/aliyun/aliyun-oss-go-sdk/v3/oss/client_extension.go:788.40,790.2 1 0
github.com/aliyun/aliyun-oss-go-sdk/v3/oss/client_extension.go:792.171,795.16 2 1
github.com/aliyun/aliyun-oss-go-sdk/v3/oss/client_extension.go:800.2,800.46 1 1
github.com/aliyun/aliyun-oss-go-sdk/v3/oss/client_extension.go:805.2,805.59 1 1
github.com/aliyun/aliyun-oss-go-sdk/v3/oss/client_extension.go:810.2,810.46 1 1
github.com/aliyun/aliyun-oss-go-sdk/v3/oss/client_extension.go:815.2,815.50 1 1
github.com/aliyun/aliyun-oss-go-sdk/v3/oss/client_extension.go:820.2,822.16 3 1
github.com/aliyun/aliyun-oss-go-sdk/v3/oss/client_extension.go:827.2,829.48 2 1
github.com/aliyun/aliyun-oss-go-sdk/v3/oss/client_extension.go:795.16,797.3 1 1
github.com/aliyun/aliyun-oss-go-sdk/v3/oss/client_extension.go:800.46,802.3 1 1
github.com/aliyun/aliyun-oss-go-sdk/v3/oss/client_extension.go:805.59,807.3 1 1
github.com/aliyun/aliyun-oss-go-sdk/v3/oss/client_extension.go:810.46,812.3 1 0
github.com/aliyun/aliyun-oss-go-sdk/v3/oss/client_extension.go:815.50,817.3 1 0
github.com/aliyun/aliyun-oss-go-sdk/v3/oss/client_extension.go:822.16,824.3 1 0
github.com/aliyun/aliyun-oss-go-sdk/v3/oss/client_extension.go:875.41,877.2 1 1
github.com/aliyun/aliyun-oss-go-sdk/v3/oss/client_extension.go:878.51,880.2 1 1
github.com/aliyun/aliyun-oss-go-sdk/v3/oss/client_extension.go:881.46,883.2 1 1
github.com/aliyun/aliyun-oss-go-sdk/v3/oss/client_extension.go:885.62,886.21 1 1
github.com/aliyun/aliyun-oss-go-sdk/v3/oss/client_extension.go:890.2,892.8 3 1
github.com/aliyun/aliyun-oss-go-sdk/v3/oss/client_extension.go:886.21,888.3 1 0
github.com/aliyun/aliyun-oss-go-sdk/v3/oss/client_extension.go:895.146,896.20 1 1
github.com/aliyun/aliyun-oss-go-sdk/v3/oss/client_extension.go:900.2,900.40 1 1
github.com/aliyun/aliyun-oss-go-sdk/v3/oss/client_extension.go:904.2,904.37 1 1
github.com/aliyun/aliyun-oss-go-sdk/v3/oss/client_extension.go:908.2,908.58 1 1
github.com/aliyun/aliyun-oss-go-sdk/v3/oss/client_extension.go:912.2,919.29 2 1
github.com/aliyun/aliyun-oss-go-sdk/v3/oss/client_extension.go:923.2,923.39 1 1
github.com/aliyun/aliyun-oss-go-sdk/v3/oss/client_extension.go:926.2,926.36 1 1
github.com/aliyun/aliyun-oss-go-sdk/v3/oss/client_extension.go:930.2,930.23 1 1
github.com/aliyun/aliyun-oss-go-sdk/v3/oss/client_extension.go:896.20,898.3 1 1
github.com/aliyun/aliyun-oss-go-sdk/v3/oss/client_extension.go:900.40,902.3 1 1
github.com/aliyun/aliyun-oss-go-sdk/v3/oss/client_extension.go:904.37,906.3 1 1
github.com/aliyun/aliyun-oss-go-sdk/v3/oss/client_extension.go:908.58,910.3 1 1
github.com/aliyun/aliyun-oss-go-sdk/v3/oss/client_extension.go:919.29,921.3 1 1
github.com/aliyun/aliyun-oss-go-sdk/v3/oss/client_extension.go:923.39,925.3 1 1
github.com/aliyun/aliyun-oss-go-sdk/v3/oss/client_extension.go:926.36,928.3 1 1
github.com/aliyun/aliyun-oss-go-sdk/v3/oss/client_extension.go:933.50,937.16 4 1
github.com/aliyun/aliyun-oss-go-sdk/v3/oss/client_extension.go:941.2,946.12 5 1
github.com/aliyun/aliyun-oss-go-sdk/v3/oss/client_extension.go:937.16,939.3 1 1
github.com/aliyun/aliyun-oss-go-sdk/v3/oss/client_extension.go:949.70,950.20 1 1
github.com/aliyun/aliyun-oss-go-sdk/v3/oss/client_extension.go:953.2,954.16 2 1
github.com/aliyun/aliyun-oss-go-sdk/v3/oss/client_extension.go:959.2,960.27 2 1
github.com/aliyun/aliyun-oss-go-sdk/v3/oss/client_extension.go:963.2,968.94 4 1
github.com/aliyun/aliyun-oss-go-sdk/v3/oss/client_extension.go:971.2,973.12 2 1
github.com/aliyun/aliyun-oss-go-sdk/v3/oss/client_extension.go:950.20,952.3 1 1
github.com/aliyun/aliyun-oss-go-sdk/v3/oss/client_extension.go:954.16,956.3 1 0
github.com/aliyun/aliyun-oss-go-sdk/v3/oss/client_extension.go:960.27,962.3 1 1
github.com/aliyun/aliyun-oss-go-sdk/v3/oss/client_extension.go:968.94,970.3 1 1
github.com/aliyun/aliyun-oss-go-sdk/v3/oss/client_extension.go:976.61,978.16 2 1
github.com/aliyun/aliyun-oss-go-sdk/v3/oss/client_extension.go:982.2,982.55 1 1
github.com/aliyun/aliyun-oss-go-sdk/v3/oss/client_extension.go:987.2,988.18 2 1
github.com/aliyun/aliyun-oss-go-sdk/v3/oss/client_extension.go:978.16,980.3 1 0
github.com/aliyun/aliyun-oss-go-sdk/v3/oss/client_extension.go:982.55,985.3 2 0
github.com/aliyun/aliyun-oss-go-sdk/v3/oss/client_extension.go:991.74,992.17 1 1
github.com/aliyun/aliyun-oss-go-sdk/v3/oss/client_extension.go:996.2,996.16 1 1
github.com/aliyun/aliyun-oss-go-sdk/v3/oss/client_extension.go:1009.2,1012.12 3 1
github.com/aliyun/aliyun-oss-go-sdk/v3/oss/client_extension.go:992.17,994.3 1 1
github.com/aliyun/aliyun-oss-go-sdk/v3/oss/client_extension.go:996.16,997.26 1 1
github.com/aliyun/aliyun-oss-go-sdk/v3/oss/client_extension.go:997.26,999.4 1 1
github.com/aliyun/aliyun-oss-go-sdk/v3/oss/client_extension.go:1000.8,1001.35 1 1
github.com/aliyun/aliyun-oss-go-sdk/v3/oss/client_extension.go:1004.3,1004.40 1 1
github.com/aliyun/aliyun-oss-go-sdk/v3/oss/client_extension.go:1001.35,1003.4 1 1
github.com/aliyun/aliyun-oss-go-sdk/v3/oss/client_extension.go:1004.40,1006.4 1 1
github.com/aliyun/aliyun-oss-go-sdk/v3/oss/client_extension.go:1015.50,1019.28 4 1
github.com/aliyun/aliyun-oss-go-sdk/v3/oss/client_extension.go:1031.2,1031.12 1 1
github.com/aliyun/aliyun-oss-go-sdk/v3/oss/client_extension.go:1019.28,1021.40 2 1
github.com/aliyun/aliyun-oss-go-sdk/v3/oss/client_extension.go:1024.3,1026.26 3 1
github.com/aliyun/aliyun-oss-go-sdk/v3/oss/client_extension.go:1021.40,1023.4 1 0
github.com/aliyun/aliyun-oss-go-sdk/v3/oss/client_extension.go:1026.26,1028.4 1 1
github.com/aliyun/aliyun-oss-go-sdk/v3/oss/client_extension.go:1034.54,1035.32 1 1
github.com/aliyun/aliyun-oss-go-sdk/v3/oss/client_extension.go:1048.2,1048.12 1 1
github.com/aliyun/aliyun-oss-go-sdk/v3/oss/client_extension.go:1035.32,1037.45 2 1
github.com/aliyun/aliyun-oss-go-sdk/v3/oss/client_extension.go:1041.3,1041.26 1 1
github.com/aliyun/aliyun-oss-go-sdk/v3/oss/client_extension.go:1037.45,1039.4 1 0
github.com/aliyun/aliyun-oss-go-sdk/v3/oss/client_extension.go:1041.26,1044.4 2 1
github.com/aliyun/aliyun-oss-go-sdk/v3/oss/client_extension.go:1044.9,1046.4 1 1
github.com/aliyun/aliyun-oss-go-sdk/v3/oss/client_extension.go:1051.66,1060.29 2 1
github.com/aliyun/aliyun-oss-go-sdk/v3/oss/client_extension.go:1064.2,1064.27 1 1
github.com/aliyun/aliyun-oss-go-sdk/v3/oss/client_extension.go:1074.2,1074.48 1 1
github.com/aliyun/aliyun-oss-go-sdk/v3/oss/client_extension.go:1100.2,1100.48 1 1
github.com/aliyun/aliyun-oss-go-sdk/v3/oss/client_extension.go:1129.2,1130.45 2 1
github.com/aliyun/aliyun-oss-go-sdk/v3/oss/client_extension.go:1136.2,1136.25 1 1
[...]
github.com/aliyun/aliyun-oss-go-sdk/v3/oss/api_op_object.go:145.2,146.17 2 1
github.com/aliyun/aliyun-oss-go-sdk/v3/oss/api_op_object.go:149.2,150.19 2 1
github.com/aliyun/aliyun-oss-go-sdk/v3/oss/api_op_object.go:142.35,144.3 1 0
github.com/aliyun/aliyun-oss-go-sdk/v3/oss/api_op_object.go:146.17,148.3 1 1
github.com/aliyun/aliyun-oss-go-sdk/v3/oss/api_op_object.go:299.128,301.20 2 1
github.com/aliyun/aliyun-oss-go-sdk/v3/oss/api_op_object.go:304.2,310.72 2 1
github.com/aliyun/aliyun-oss-go-sdk/v3/oss/api_op_object.go:314.2,315.16 2 1
github.com/aliyun/aliyun-oss-go-sdk/v3/oss/api_op_object.go:319.2,322.74 2 1
github.com/aliyun/aliyun-oss-go-sdk/v3/oss/api_op_object.go:326.2,326.20 1 1
github.com/aliyun/aliyun-oss-go-sdk/v3/oss/api_op_object.go:301.20,303.3 1 0
github.com/aliyun/aliyun-oss-go-sdk/v3/oss/api_op_object.go:310.72,312.3 1 0
github.com/aliyun/aliyun-oss-go-sdk/v3/oss/api_op_object.go:315.16,317.3 1 1
github.com/aliyun/aliyun-oss-go-sdk/v3/oss/api_op_object.go:322.74,324.3 1 0
github.com/aliyun/aliyun-oss-go-sdk/v3/oss/api_op_object.go:444.131,446.20 2 1
github.com/aliyun/aliyun-oss-go-sdk/v3/oss/api_op_object.go:450.2,459.72 2 1
github.com/aliyun/aliyun-oss-go-sdk/v3/oss/api_op_object.go:463.2,464.16 2 1
github.com/aliyun/aliyun-oss-go-sdk/v3/oss/api_op_object.go:468.2,469.92 2 1
github.com/aliyun/aliyun-oss-go-sdk/v3/oss/api_op_object.go:473.2,473.20 1 1
github.com/aliyun/aliyun-oss-go-sdk/v3/oss/api_op_object.go:446.20,448.3 1 0
github.com/aliyun/aliyun-oss-go-sdk/v3/oss/api_op_object.go:459.72,461.3 1 0
github.com/aliyun/aliyun-oss-go-sdk/v3/oss/api_op_object.go:464.16,466.3 1 1
github.com/aliyun/aliyun-oss-go-sdk/v3/oss/api_op_object.go:469.92,471.3 1 0
github.com/aliyun/aliyun-oss-go-sdk/v3/oss/api_op_object.go:570.137,572.20 2 1
github.com/aliyun/aliyun-oss-go-sdk/v3/oss/api_op_object.go:575.2,582.54 2 1
github.com/aliyun/aliyun-oss-go-sdk/v3/oss/api_op_object.go:586.2,587.16 2 1
github.com/aliyun/aliyun-oss-go-sdk/v3/oss/api_op_object.go:591.2,592.87 2 1
github.com/aliyun/aliyun-oss-go-sdk/v3/oss/api_op_object.go:596.2,596.20 1 1
github.com/aliyun/aliyun-oss-go-sdk/v3/oss/api_op_object.go:572.20,574.3 1 0
github.com/aliyun/aliyun-oss-go-sdk/v3/oss/api_op_object.go:582.54,584.3 1 1
github.com/aliyun/aliyun-oss-go-sdk/v3/oss/api_op_object.go:587.16,589.3 1 1
github.com/aliyun/aliyun-oss-go-sdk/v3/oss/api_op_object.go:592.87,594.3 1 0
github.com/aliyun/aliyun-oss-go-sdk/v3/oss/api_op_object.go:623.137,625.20 2 1
github.com/aliyun/aliyun-oss-go-sdk/v3/oss/api_op_object.go:628.2,634.72 2 1
github.com/aliyun/aliyun-oss-go-sdk/v3/oss/api_op_object.go:638.2,639.16 2 1
github.com/aliyun/aliyun-oss-go-sdk/v3/oss/api_op_object.go:642.2,643.87 2 1
github.com/aliyun/aliyun-oss-go-sdk/v3/oss/api_op_object.go:647.2,647.20 1 1
github.com/aliyun/aliyun-oss-go-sdk/v3/oss/api_op_object.go:625.20,627.3 1 0
github.com/aliyun/aliyun-oss-go-sdk/v3/oss/api_op_object.go:634.72,636.3 1 0
github.com/aliyun/aliyun-oss-go-sdk/v3/oss/api_op_object.go:639.16,641.3 1 1
github.com/aliyun/aliyun-oss-go-sdk/v3/oss/api_op_object.go:643.87,645.3 1 0
github.com/aliyun/aliyun-oss-go-sdk/v3/oss/api_op_object.go:704.164,706.20 2 1
github.com/aliyun/aliyun-oss-go-sdk/v3/oss/api_op_object.go:709.2,721.94 2 1
github.com/aliyun/aliyun-oss-go-sdk/v3/oss/api_op_object.go:725.2,726.16 2 1
github.com/aliyun/aliyun-oss-go-sdk/v3/oss/api_op_object.go:729.2,730.113 2 1
github.com/aliyun/aliyun-oss-go-sdk/v3/oss/api_op_object.go:733.2,733.20 1 1
github.com/aliyun/aliyun-oss-go-sdk/v3/oss/api_op_object.go:706.20,708.3 1 0
github.com/aliyun/aliyun-oss-go-sdk/v3/oss/api_op_object.go:721.94,723.3 1 0
github.com/aliyun/aliyun-oss-go-sdk/v3/oss/api_op_object.go:726.16,728.3 1 1
github.com/aliyun/aliyun-oss-go-sdk/v3/oss/api_op_object.go:730.113,732.3 1 0
github.com/aliyun/aliyun-oss-go-sdk/v3/oss/api_op_object.go:862.131,864.20 2 1
github.com/aliyun/aliyun-oss-go-sdk/v3/oss/api_op_object.go:867.2,873.72 2 1
github.com/aliyun/aliyun-oss-go-sdk/v3/oss/api_op_object.go:877.2,878.16 2 1
github.com/aliyun/aliyun-oss-go-sdk/v3/oss/api_op_object.go:881.2,882.87 2 1
github.com/aliyun/aliyun-oss-go-sdk/v3/oss/api_op_object.go:886.2,886.20 1 1
github.com/aliyun/aliyun-oss-go-sdk/v3/oss/api_op_object.go:864.20,866.3 1 0
github.com/aliyun/aliyun-oss-go-sdk/v3/oss/api_op_object.go:873.72,875.3 1 0
github.com/aliyun/aliyun-oss-go-sdk/v3/oss/api_op_object.go:878.16,880.3 1 1
github.com/aliyun/aliyun-oss-go-sdk/v3/oss/api_op_object.go:882.87,884.3 1 0
github.com/aliyun/aliyun-oss-go-sdk/v3/oss/api_op_object.go:927.140,929.20 2 1
github.com/aliyun/aliyun-oss-go-sdk/v3/oss/api_op_object.go:932.2,941.72 2 1
github.com/aliyun/aliyun-oss-go-sdk/v3/oss/api_op_object.go:945.2,946.16 2 1
github.com/aliyun/aliyun-oss-go-sdk/v3/oss/api_op_object.go:949.2,950.87 2 1
github.com/aliyun/aliyun-oss-go-sdk/v3/oss/api_op_object.go:954.2,954.20 1 1
github.com/aliyun/aliyun-oss-go-sdk/v3/oss/api_op_object.go:929.20,931.3 1 0
github.com/aliyun/aliyun-oss-go-sdk/v3/oss/api_op_object.go:941.72,943.3 1 0
github.com/aliyun/aliyun-oss-go-sdk/v3/oss/api_op_object.go:946.16,948.3 1 1
github.com/aliyun/aliyun-oss-go-sdk/v3/oss/api_op_object.go:950.87,952.3 1 0
github.com/aliyun/aliyun-oss-go-sdk/v3/oss/api_op_object.go:993.140,995.20 2 1
github.com/aliyun/aliyun-oss-go-sdk/v3/oss/api_op_object.go:998.2,1010.72 2 1
github.com/aliyun/aliyun-oss-go-sdk/v3/oss/api_op_object.go:1014.2,1015.16 2 1
github.com/aliyun/aliyun-oss-go-sdk/v3/oss/api_op_object.go:1018.2,1019.87 2 1
github.com/aliyun/aliyun-oss-go-sdk/v3/oss/api_op_object.go:1023.2,1023.20 1 1
github.com/aliyun/aliyun-oss-go-sdk/v3/oss/api_op_object.go:995.20,997.3 1 0
github.com/aliyun/aliyun-oss-go-sdk/v3/oss/api_op_object.go:1010.72,1012.3 1 0
github.com/aliyun/aliyun-oss-go-sdk/v3/oss/api_op_object.go:1015.16,1017.3 1 1
github.com/aliyun/aliyun-oss-go-sdk/v3/oss/api_op_object.go:1019.87,1021.3 1 0
github.com/aliyun/aliyun-oss-go-sdk/v3/oss/api_op_object.go:1050.137,1052.20 2 1
github.com/aliyun/aliyun-oss-go-sdk/v3/oss/api_op_object.go:1055.2,1064.72 2 1
github.com/aliyun/aliyun-oss-go-sdk/v3/oss/api_op_object.go:1067.2,1068.16 2 1
github.com/aliyun/aliyun-oss-go-sdk/v3/oss/api_op_object.go:1072.2,1073.87 2 1
github.com/aliyun/aliyun-oss-go-sdk/v3/oss/api_op_object.go:1077.2,1077.20 1 1
github.com/aliyun/aliyun-oss-go-sdk/v3/oss/api_op_object.go:1052.20,1054.3 1 0
github.com/aliyun/aliyun-oss-go-sdk/v3/oss/api_op_object.go:1064.72,1066.3 1 0
github.com/aliyun/aliyun-oss-go-sdk/v3/oss/api_op_object.go:1068.16,1070.3 1 1
github.com/aliyun/aliyun-oss-go-sdk/v3/oss/api_op_object.go:1073.87,1075.3 1 0
github.com/aliyun/aliyun-oss-go-sdk/v3/oss/api_op_object.go:1107.137,1109.20 2 1
github.com/aliyun/aliyun-oss-go-sdk/v3/oss/api_op_object.go:1112.2,1121.72 2 1
github.com/aliyun/aliyun-oss-go-sdk/v3/oss/api_op_object.go:1124.2,1125.16 2 1
github.com/aliyun/aliyun-oss-go-sdk/v3/oss/api_op_object.go:1129.2,1130.92 2 1
github.com/aliyun/aliyun-oss-go-sdk/v3/oss/api_op_object.go:1134.2,1134.20 1 1
github.com/aliyun/aliyun-oss-go-sdk/v3/oss/api_op_object.go:1109.20,1111.3 1 0
github.com/aliyun/aliyun-oss-go-sdk/v3/oss/api_op_object.go:1121.72,1123.3 1 0
github.com/aliyun/aliyun-oss-go-sdk/v3/oss/api_op_object.go:1125.16,1127.3 1 1
github.com/aliyun/aliyun-oss-go-sdk/v3/oss/api_op_object.go:1130.92,1132.3 1 0
github.com/aliyun/aliyun-oss-go-sdk/v3/oss/api_op_object.go:1208.170,1210.20 2 1
github.com/aliyun/aliyun-oss-go-sdk/v3/oss/api_op_object.go:1213.2,1223.72 2 1
github.com/aliyun/aliyun-oss-go-sdk/v3/oss/api_op_object.go:1226.2,1227.16 2 1
github.com/aliyun/aliyun-oss-go-sdk/v3/oss/api_op_object.go:1231.2,1232.96 2 1
github.com/aliyun/aliyun-oss-go-sdk/v3/oss/api_op_object.go:1236.2,1236.20 1 1
github.com/aliyun/aliyun-oss-go-sdk/v3/oss/api_op_object.go:1210.20,1212.3 1 0
github.com/aliyun/aliyun-oss-go-sdk/v3/oss/api_op_object.go:1223.72,1225.3 1 0
github.com/aliyun/aliyun-oss-go-sdk/v3/oss/api_op_object.go:1227.16,1229.3 1 1
github.com/aliyun/aliyun-oss-go-sdk/v3/oss/api_op_object.go:1232.96,1234.3 1 0
github.com/aliyun/aliyun-oss-go-sdk/v3/oss/api_op_object.go:1278.131,1280.20 2 1
github.com/aliyun/aliyun-oss-go-sdk/v3/oss/api_op_object.go:1283.2,1289.54 2 1
github.com/aliyun/aliyun-oss-go-sdk/v3/oss/api_op_object.go:1292.2,1293.16 2 1
github.com/aliyun/aliyun-oss-go-sdk/v3/oss/api_op_object.go:1297.2,1298.87 2 1
github.com/aliyun/aliyun-oss-go-sdk/v3/oss/api_op_object.go:1302.2,1302.20 1 1
github.com/aliyun/aliyun-oss-go-sdk/v3/oss/api_op_object.go:1280.20,1282.3 1 0
github.com/aliyun/aliyun-oss-go-sdk/v3/oss/api_op_object.go:1289.54,1291.3 1 0
github.com/aliyun/aliyun-oss-go-sdk/v3/oss/api_op_object.go:1293.16,1295.3 1 1
github.com/aliyun/aliyun-oss-go-sdk/v3/oss/api_op_object.go:1298.87,1300.3 1 0
github.com/aliyun/aliyun-oss-go-sdk/v3/oss/api_op_object.go:1371.143,1373.20 2 1
github.com/aliyun/aliyun-oss-go-sdk/v3/oss/api_op_object.go:1376.2,1385.72 2 1
github.com/aliyun/aliyun-oss-go-sdk/v3/oss/api_op_object.go:1388.2,1389.16 2 1
github.com/aliyun/aliyun-oss-go-sdk/v3/oss/api_op_object.go:1393.2,1394.92 2 1
github.com/aliyun/aliyun-oss-go-sdk/v3/oss/api_op_object.go:1398.2,1398.20 1 1
github.com/aliyun/aliyun-oss-go-sdk/v3/oss/api_op_object.go:1373.20,1375.3 1 0
github.com/aliyun/aliyun-oss-go-sdk/v3/oss/api_op_object.go:1385.72,1387.3 1 0
github.com/aliyun/aliyun-oss-go-sdk/v3/oss/api_op_object.go:1389.16,1391.3 1 1
github.com/aliyun/aliyun-oss-go-sdk/v3/oss/api_op_object.go:1394.92,1396.3 1 0
github.com/aliyun/aliyun-oss-go-sdk/v3/oss/api_op_object.go:1446.36,1448.2 1 1
github.com/aliyun/aliyun-oss-go-sdk/v3/oss/api_op_object.go:1449.46,1451.2 1 1
github.com/aliyun/aliyun-oss-go-sdk/v3/oss/api_op_object.go:1452.41,1454.2 1 1
github.com/aliyun/aliyun-oss-go-sdk/v3/oss/api_op_object.go:1487.170,1489.20 2 1
github.com/aliyun/aliyun-oss-go-sdk/v3/oss/api_op_object.go:1492.2,1501.94 2 1
github.com/aliyun/aliyun-oss-go-sdk/v3/oss/api_op_object.go:1504.2,1504.72 1 1
github.com/aliyun/aliyun-oss-go-sdk/v3/oss/api_op_object.go:1507.2,1507.29 1 1
github.com/aliyun/aliyun-oss-go-sdk/v3/oss/api_op_object.go:1510.2,1511.16 2 1
github.com/aliyun/aliyun-oss-go-sdk/v3/oss/api_op_object.go:1514.2,1517.29 4 1
github.com/aliyun/aliyun-oss-go-sdk/v3/oss/api_op_object.go:1522.2,1522.74 1 1
github.com/aliyun/aliyun-oss-go-sdk/v3/oss/api_op_object.go:1525.2,1525.20 1 1
github.com/aliyun/aliyun-oss-go-sdk/v3/oss/api_op_object.go:1489.20,1491.3 1 0
github.com/aliyun/aliyun-oss-go-sdk/v3/oss/api_op_object.go:1501.94,1503.3 1 1
github.com/aliyun/aliyun-oss-go-sdk/v3/oss/api_op_object.go:1504.72,1506.3 1 0
github.com/aliyun/aliyun-oss-go-sdk/v3/oss/api_op_object.go:1507.29,1509.3 1 1
github.com/aliyun/aliyun-oss-go-sdk/v3/oss/api_op_object.go:1511.16,1513.3 1 1
github.com/aliyun/aliyun-oss-go-sdk/v3/oss/api_op_object.go:1517.29,1519.3 1 1
github.com/aliyun/aliyun-oss-go-sdk/v3/oss/api_op_object.go:1519.8,1521.3 1 1
github.com/aliyun/aliyun-oss-go-sdk/v3/oss/api_op_object.go:1522.74,1524.3 1 0
github.com/aliyun/aliyun-oss-go-sdk/v3/oss/api_op_object.go:1546.161,1548.20 2 1
github.com/aliyun/aliyun-oss-go-sdk/v3/oss/api_op_object.go:1551.2,1557.72 2 1
github.com/aliyun/aliyun-oss-go-sdk/v3/oss/api_op_object.go:1560.2,1561.16 2 1
github.com/aliyun/aliyun-oss-go-sdk/v3/oss/api_op_object.go:1565.2,1566.70 2 1
github.com/aliyun/aliyun-oss-go-sdk/v3/oss/api_op_object.go:1570.2,1570.20 1 1
github.com/aliyun/aliyun-oss-go-sdk/v3/oss/api_op_object.go:1548.20,1550.3 1 0
github.com/aliyun/aliyun-oss-go-sdk/v3/oss/api_op_object.go:1557.72,1559.3 1 0
github.com/aliyun/aliyun-oss-go-sdk/v3/oss/api_op_object.go:1561.16,1563.3 1 1
github.com/aliyun/aliyun-oss-go-sdk/v3/oss/api_op_object.go:1566.70,1568.3 1 0
github.com/aliyun/aliyun-oss-go-sdk/v3/oss/api_op_object.go:1656.161,1658.20 2 1
github.com/aliyun/aliyun-oss-go-sdk/v3/oss/api_op_object.go:1661.2,1670.72 2 1
github.com/aliyun/aliyun-oss-go-sdk/v3/oss/api_op_object.go:1673.2,1674.16 2 1
github.com/aliyun/aliyun-oss-go-sdk/v3/oss/api_op_object.go:1678.2,1679.96 2 1
github.com/aliyun/aliyun-oss-go-sdk/v3/oss/api_op_object.go:1683.2,1683.20 1 1
github.com/aliyun/aliyun-oss-go-sdk/v3/oss/api_op_object.go:1658.20,1660.3 1 0
github.com/aliyun/aliyun-oss-go-sdk/v3/oss/api_op_object.go:1670.72,1672.3 1 0
github.com/aliyun/aliyun-oss-go-sdk/v3/oss/api_op_object.go:1674.16,1676.3 1 1
github.com/aliyun/aliyun-oss-go-sdk/v3/oss/api_op_object.go:1679.96,1681.3 1 0
github.com/aliyun/aliyun-oss-go-sdk/v3/oss/api_op_object.go:1768.128,1770.20 2 1
github.com/aliyun/aliyun-oss-go-sdk/v3/oss/api_op_object.go:1773.2,1782.72 2 1
github.com/aliyun/aliyun-oss-go-sdk/v3/oss/api_op_object.go:1785.2,1786.16 2 1
github.com/aliyun/aliyun-oss-go-sdk/v3/oss/api_op_object.go:1790.2,1791.96 2 1
github.com/aliyun/aliyun-oss-go-sdk/v3/oss/api_op_object.go:1795.2,1795.20 1 1
github.com/aliyun/aliyun-oss-go-sdk/v3/oss/api_op_object.go:1770.20,1772.3 1 0
github.com/aliyun/aliyun-oss-go-sdk/v3/oss/api_op_object.go:1782.72,1784.3 1 0
github.com/aliyun/aliyun-oss-go-sdk/v3/oss/api_op_object.go:1786.16,1788.3 1 1
github.com/aliyun/aliyun-oss-go-sdk/v3/oss/api_op_object.go:1791.96,1793.3 1 0
github.com/aliyun/aliyun-oss-go-sdk/v3/oss/api_op_object.go:1832.131,1834.20 2 1
github.com/aliyun/aliyun-oss-go-sdk/v3/oss/api_op_object.go:1837.2,1846.72 2 1
github.com/aliyun/aliyun-oss-go-sdk/v3/oss/api_op_object.go:1849.2,1850.16 2 1
github.com/aliyun/aliyun-oss-go-sdk/v3/oss/api_op_object.go:1854.2,1855.87 2 1
github.com/aliyun/aliyun-oss-go-sdk/v3/oss/api_op_object.go:1859.2,1859.20 1 1
github.com/aliyun/aliyun-oss-go-sdk/v3/oss/api_op_object.go:1834.20,1836.3 1 0
github.com/aliyun/aliyun-oss-go-sdk/v3/oss/api_op_object.go:1846.72,1848.3 1 0
github.com/aliyun/aliyun-oss-go-sdk/v3/oss/api_op_object.go:1850.16,1852.3 1 1
github.com/aliyun/aliyun-oss-go-sdk/v3/oss/api_op_object.go:1855.87,1857.3 1 0
github.com/aliyun/aliyun-oss-go-sdk/v3/oss/api_op_object.go:1892.131,1894.20 2 1
github.com/aliyun/aliyun-oss-go-sdk/v3/oss/api_op_object.go:1897.2,1906.72 2 1
github.com/aliyun/aliyun-oss-go-sdk/v3/oss/api_op_object.go:1909.2,1910.16 2 1
github.com/aliyun/aliyun-oss-go-sdk/v3/oss/api_op_object.go:1914.2,1915.87 2 1
github.com/aliyun/aliyun-oss-go-sdk/v3/oss/api_op_object.go:1919.2,1919.20 1 1
github.com/aliyun/aliyun-oss-go-sdk/v3/oss/api_op_object.go:1894.20,1896.3 1 0
github.com/aliyun/aliyun-oss-go-sdk/v3/oss/api_op_object.go:1906.72,1908.3 1 0
github.com/aliyun/aliyun-oss-go-sdk/v3/oss/api_op_object.go:1910.16,1912.3 1 1
github.com/aliyun/aliyun-oss-go-sdk/v3/oss/api_op_object.go:1915.87,1917.3 1 0
github.com/aliyun/aliyun-oss-go-sdk/v3/oss/api_op_object.go:1958.149,1960.20 2 1
github.com/aliyun/aliyun-oss-go-sdk/v3/oss/api_op_object.go:1963.2,1972.72 2 1
github.com/aliyun/aliyun-oss-go-sdk/v3/oss/api_op_object.go:1975.2,1976.16 2 1
github.com/aliyun/aliyun-oss-go-sdk/v3/oss/api_op_object.go:1980.2,1981.87 2 1
github.com/aliyun/aliyun-oss-go-sdk/v3/oss/api_op_object.go:1985.2,1985.20 1 1
github.com/aliyun/aliyun-oss-go-sdk/v3/oss/api_op_object.go:1960.20,1962.3 1 0
github.com/aliyun/aliyun-oss-go-sdk/v3/oss/api_op_object.go:1972.72,1974.3 1 0
github.com/aliyun/aliyun-oss-go-sdk/v3/oss/api_op_object.go:1976.16,1978.3 1 1
github.com/aliyun/aliyun-oss-go-sdk/v3/oss/api_op_object.go:1981.87,1983.3 1 0
github.com/aliyun/aliyun-oss-go-sdk/v3/oss/api_op_object.go:2012.149,2014.20 2 1
github.com/aliyun/aliyun-oss-go-sdk/v3/oss/api_op_object.go:2017.2,2026.72 2 1
github.com/aliyun/aliyun-oss-go-sdk/v3/oss/api_op_object.go:2029.2,2030.16 2 1
github.com/aliyun/aliyun-oss-go-sdk/v3/oss/api_op_object.go:2034.2,2035.92 2 1
github.com/aliyun/aliyun-oss-go-sdk/v3/oss/api_op_object.go:2039.2,2039.20 1 1
github.com/aliyun/aliyun-oss-go-sdk/v3/oss/api_op_object.go:2014.20,2016.3 1 0
github.com/aliyun/aliyun-oss-go-sdk/v3/oss/api_op_object.go:2026.72,2028.3 1 0
github.com/aliyun/aliyun-oss-go-sdk/v3/oss/api_op_object.go:2030.16,2032.3 1 1
github.com/aliyun/aliyun-oss-go-sdk/v3/oss/api_op_object.go:2035.92,2037.3 1 0
github.com/aliyun/aliyun-oss-go-sdk/v3/oss/api_op_object.go:2063.158,2065.20 2 1
github.com/aliyun/aliyun-oss-go-sdk/v3/oss/api_op_object.go:2068.2,2077.72 2 1
github.com/aliyun/aliyun-oss-go-sdk/v3/oss/api_op_object.go:2080.2,2081.16 2 1
github.com/aliyun/aliyun-oss-go-sdk/v3/oss/api_op_object.go:2085.2,2086.87 2 1
github.com/aliyun/aliyun-oss-go-sdk/v3/oss/api_op_object.go:2090.2,2090.20 1 1
github.com/aliyun/aliyun-oss-go-sdk/v3/oss/api_op_object.go:2065.20,2067.3 1 0
github.com/aliyun/aliyun-oss-go-sdk/v3/oss/api_op_object.go:2077.72,2079.3 1 0
github.com/aliyun/aliyun-oss-go-sdk/v3/oss/api_op_object.go:2081.16,2083.3 1 1
github.com/aliyun/aliyun-oss-go-sdk/v3/oss/api_op_object.go:2086.87,2088.3 1 0
github.com/aliyun/aliyun-oss-go-sdk/v3/oss/client_presign.go:31.67,37.2 1 1
github.com/aliyun/aliyun-oss-go-sdk/v3/oss/client_presign.go:42.20,45.4 2 1
github.com/aliyun/aliyun-oss-go-sdk/v3/oss/client_presign.go:49.117,52.20 2 1
github.com/aliyun/aliyun-oss-go-sdk/v3/oss/client_presign.go:56.2,56.28 1 1
github.com/aliyun/aliyun-oss-go-sdk/v3/oss/client_presign.go:60.2,61.44 2 1
github.com/aliyun/aliyun-oss-go-sdk/v3/oss/client_presign.go:71.2,71.34 1 1
github.com/aliyun/aliyun-oss-go-sdk/v3/oss/client_presign.go:77.2,78.16 2 1
github.com/aliyun/aliyun-oss-go-sdk/v3/oss/client_presign.go:82.2,84.20 3 1
github.com/aliyun/aliyun-oss-go-sdk/v3/oss/client_presign.go:52.20,54.3 1 1
github.com/aliyun/aliyun-oss-go-sdk/v3/oss/client_presign.go:56.28,58.3 1 1
github.com/aliyun/aliyun-oss-go-sdk/v3/oss/client_presign.go:61.44,63.3 1 1
github.com/aliyun/aliyun-oss-go-sdk/v3/oss/client_presign.go:63.8,65.64 2 1
github.com/aliyun/aliyun-oss-go-sdk/v3/oss/client_presign.go:65.64,67.4 1 1
github.com/aliyun/aliyun-oss-go-sdk/v3/oss/client_presign.go:71.34,73.3 1 1
github.com/aliyun/aliyun-oss-go-sdk/v3/oss/client_presign.go:73.8,73.32 1 1
github.com/aliyun/aliyun-oss-go-sdk/v3/oss/client_presign.go:73.32,75.3 1 1
github.com/aliyun/aliyun-oss-go-sdk/v3/oss/client_presign.go:78.16,80.3 1 0
github.com/aliyun/aliyun-oss-go-sdk/v3/oss/client_presign.go:87.64,88.33 1 1
github.com/aliyun/aliyun-oss-go-sdk/v3/oss/client_presign.go:88.33,90.3 1 1
github.com/aliyun/aliyun-oss-go-sdk/v3/oss/client_presign.go:93.63,94.33 1 1
github.com/aliyun/aliyun-oss-go-sdk/v3/oss/client_presign.go:94.33,96.3 1 1
github.com/aliyun/aliyun-oss-go-sdk/v3/oss/client_presign.go:99.80,100.29 1 1
github.com/aliyun/aliyun-oss-go-sdk/v3/oss/client_presign.go:172.2,172.39 1 1
github.com/aliyun/aliyun-oss-go-sdk/v3/oss/client_presign.go:101.25,105.20 4 1
github.com/aliyun/aliyun-oss-go-sdk/v3/oss/client_presign.go:107.25,111.20 4 1
github.com/aliyun/aliyun-oss-go-sdk/v3/oss/client_presign.go:112.26,119.4 5 1
github.com/aliyun/aliyun-oss-go-sdk/v3/oss/client_presign.go:120.26,124.20 4 1
github.com/aliyun/aliyun-oss-go-sdk/v3/oss/client_presign.go:125.28,132.4 5 1
github.com/aliyun/aliyun-oss-go-sdk/v3/oss/client_presign.go:133.39,141.4 5 1
github.com/aliyun/aliyun-oss-go-sdk/v3/oss/client_presign.go:142.26,146.20 4 1
github.com/aliyun/aliyun-oss-go-sdk/v3/oss/client_presign.go:147.30,154.4 5 1
github.com/aliyun/aliyun-oss-go-sdk/v3/oss/client_presign.go:155.39,162.4 5 1
github.com/aliyun/aliyun-oss-go-sdk/v3/oss/client_presign.go:163.36,167.20 4 1
github.com/aliyun/aliyun-oss-go-sdk/v3/oss/client_presign.go:168.10,169.97 1 1
github.com/aliyun/aliyun-oss-go-sdk/v3/oss/client_presign.go:175.95,176.80 1 1
github.com/aliyun/aliyun-oss-go-sdk/v3/oss/client_presign.go:187.2,189.76 3 1
github.com/aliyun/aliyun-oss-go-sdk/v3/oss/client_presign.go:193.2,193.12 1 1
github.com/aliyun/aliyun-oss-go-sdk/v3/oss/client_presign.go:176.80,178.47 2 1
github.com/aliyun/aliyun-oss-go-sdk/v3/oss/client_presign.go:183.3,183.22 1 1
github.com/aliyun/aliyun-oss-go-sdk/v3/oss/client_presign.go:178.47,179.29 1 1
github.com/aliyun/aliyun-oss-go-sdk/v3/oss/client_presign.go:179.29,181.5 1 1
github.com/aliyun/aliyun-oss-go-sdk/v3/oss/client_presign.go:183.22,185.4 1 1
github.com/aliyun/aliyun-oss-go-sdk/v3/oss/client_presign.go:189.76,191.3 1 1
